Log file open, 10/05/19 11:00:44
LogWindows: Failed to load 'aqProf.dll' (GetLastError=126)
LogWindows: File 'aqProf.dll' does not exist
LogWindows: Failed to load 'VtuneApi.dll' (GetLastError=126)
LogWindows: File 'VtuneApi.dll' does not exist
LogWindows: Failed to load 'VtuneApi32e.dll' (GetLastError=126)
LogWindows: File 'VtuneApi32e.dll' does not exist
LogConsoleResponse: Display: Failed to find resolution value strings in scalability ini. Falling back to default.
LogInit: Display: Running engine for game: MyProject
LogPlatformFile: Not using cached read wrapper
LogTaskGraph: Started task graph with 5 named threads and 14 total threads with 3 sets of task threads.
LogStats: Stats thread started at 1.160223
LogD3D11RHI: Loaded GFSDK_Aftermath_Lib.x64.dll
LogICUInternationalization: ICU TimeZone Detection - Raw Offset: +3:00, Platform Override: ''
LogPluginManager: Mounting plugin Paper2D
LogPluginManager: Mounting plugin AISupport
LogPluginManager: Mounting plugin LightPropagationVolume
LogPluginManager: Mounting plugin ActorLayerUtilities
LogPluginManager: Mounting plugin AnimationSharing
LogPluginManager: Mounting plugin CLionSourceCodeAccess
LogPluginManager: Mounting plugin CodeLiteSourceCodeAccess
LogPluginManager: Mounting plugin GitSourceControl
LogPluginManager: Mounting plugin KDevelopSourceCodeAccess
LogPluginManager: Mounting plugin NullSourceCodeAccess
LogPluginManager: Mounting plugin PerforceSourceControl
LogPluginManager: Mounting plugin SubversionSourceControl
LogPluginManager: Mounting plugin UObjectPlugin
LogPluginManager: Mounting plugin VisualStudioCodeSourceCodeAccess
LogPluginManager: Mounting plugin VisualStudioSourceCodeAccess
LogPluginManager: Mounting plugin XCodeSourceCodeAccess
LogPluginManager: Mounting plugin AssetManagerEditor
LogPluginManager: Mounting plugin CryptoKeys
LogPluginManager: Mounting plugin CurveEditorTools
LogPluginManager: Mounting plugin DataValidation
LogPluginManager: Mounting plugin FacialAnimation
LogPluginManager: Mounting plugin GameplayTagsEditor
LogPluginManager: Mounting plugin MacGraphicsSwitching
LogPluginManager: Mounting plugin MaterialAnalyzer
LogPluginManager: Mounting plugin MobileLauncherProfileWizard
LogPluginManager: Mounting plugin PluginBrowser
LogPluginManager: Mounting plugin SpeedTreeImporter
LogPluginManager: Mounting plugin DatasmithContent
LogPluginManager: Mounting plugin VariantManagerContent
LogPluginManager: Mounting plugin AlembicImporter
LogPluginManager: Mounting plugin AutomationUtils
LogPluginManager: Mounting plugin BackChannel
LogPluginManager: Mounting plugin CharacterAI
LogPluginManager: Mounting plugin GeometryCache
LogPluginManager: Mounting plugin HTML5Networking
LogPluginManager: Mounting plugin PlatformCrypto
LogPluginManager: Mounting plugin ProxyLODPlugin
LogPluginManager: Mounting plugin SkeletalReduction
LogPluginManager: Mounting plugin MagicLeap
LogPluginManager: Mounting plugin MagicLeapMedia
LogPluginManager: Mounting plugin AndroidMedia
LogPluginManager: Mounting plugin AvfMedia
LogPluginManager: Mounting plugin ImgMedia
LogPluginManager: Mounting plugin MediaCompositing
LogPluginManager: Mounting plugin MediaPlayerEditor
LogPluginManager: Mounting plugin WebMMedia
LogPluginManager: Mounting plugin WmfMedia
LogPluginManager: Mounting plugin TcpMessaging
LogPluginManager: Mounting plugin UdpMessaging
LogPluginManager: Mounting plugin ActorSequence
LogPluginManager: Mounting plugin LevelSequenceEditor
LogPluginManager: Mounting plugin MatineeToLevelSequence
LogPluginManager: Mounting plugin NetcodeUnitTest
LogPluginManager: Mounting plugin NUTUnrealEngine4
LogPluginManager: Mounting plugin OnlineSubsystemGooglePlay
LogPluginManager: Mounting plugin OnlineSubsystemIOS
LogPluginManager: Mounting plugin OnlineSubsystem
LogPluginManager: Mounting plugin OnlineSubsystemNull
LogPluginManager: Mounting plugin OnlineSubsystemUtils
LogPluginManager: Mounting plugin LauncherChunkInstaller
LogPluginManager: Mounting plugin AndroidDeviceProfileSelector
LogPluginManager: Mounting plugin AndroidMoviePlayer
LogPluginManager: Mounting plugin AndroidPermission
LogPluginManager: Mounting plugin AppleImageUtils
LogPluginManager: Mounting plugin AppleMoviePlayer
LogPluginManager: Mounting plugin ArchVisCharacter
LogPluginManager: Mounting plugin AudioCapture
LogPluginManager: Mounting plugin CableComponent
LogPluginManager: Mounting plugin CustomMeshComponent
LogPluginManager: Mounting plugin EditableMesh
LogPluginManager: Mounting plugin ExampleDeviceProfileSelector
LogPluginManager: Mounting plugin GoogleCloudMessaging
LogPluginManager: Mounting plugin IOSDeviceProfileSelector
LogPluginManager: Mounting plugin LinuxDeviceProfileSelector
LogPluginManager: Mounting plugin LocationServicesBPLibrary
LogPluginManager: Mounting plugin MobilePatchingUtils
LogPluginManager: Mounting plugin OculusVR
LogPluginManager: Mounting plugin PhysXVehicles
LogPluginManager: Mounting plugin ProceduralMeshComponent
LogPluginManager: Mounting plugin RuntimePhysXCooking
LogPluginManager: Mounting plugin SignificanceManager
LogPluginManager: Mounting plugin SteamVR
LogPluginManager: Mounting plugin WebMMoviePlayer
LogPluginManager: Mounting plugin WindowsMoviePlayer
LogPluginManager: Mounting plugin ScreenshotTools
LogInit: Using libcurl 7.55.1-DEV
LogInit:  - built for x86_64-pc-win32
LogInit:  - supports SSL with OpenSSL/1.1.1
LogInit:  - supports HTTP deflate (compression) using libz 1.2.8
LogInit:  - other features:
LogInit:      CURL_VERSION_SSL
LogInit:      CURL_VERSION_LIBZ
LogInit:      CURL_VERSION_IPV6
LogInit:      CURL_VERSION_ASYNCHDNS
LogInit:      CURL_VERSION_LARGEFILE
LogInit:      CURL_VERSION_IDN
LogInit:  CurlRequestOptions (configurable via config and command line):
LogInit:  - bVerifyPeer = true  - Libcurl will verify peer certificate
LogInit:  - bUseHttpProxy = false  - Libcurl will NOT use HTTP proxy
LogInit:  - bDontReuseConnections = false  - Libcurl will reuse connections
LogInit:  - MaxHostConnections = 16  - Libcurl will limit the number of connections to a host
LogInit:  - LocalHostAddr = Default
LogInit:  - BufferSize = 65536
LogOnline: OSS: Creating online subsystem instance for: NULL
LogInit: WinSock: version 1.1 (2.2), MaxSocks=32767, MaxUdp=65467
LogInit: Build: ++UE4+Release-4.23-CL-8386587
LogInit: Engine Version: 4.23.0-8386587+++UE4+Release-4.23
LogInit: Compatible Engine Version: 4.23.0-8386587+++UE4+Release-4.23
LogInit: Net CL: 8386587
LogInit: OS: Windows 10 (Release 1903) (), CPU: AMD FX-7500 Radeon R7, 10 Compute Cores 4C+6G  , GPU: AMD Radeon(TM) R7 Graphics
LogInit: Compiled (64-bit): Aug 31 2019 02:04:44
LogInit: Compiled with Visual C++: 19.16.27030.01
LogInit: Build Configuration: Development
LogInit: Branch Name: ++UE4+Release-4.23
LogInit: Command Line: 
LogInit: Base Directory: C:/Program Files/Epic Games/UE_4.23/Engine/Binaries/Win64/
LogInit: Installed Engine Build: 1
LogDevObjectVersion: Number of dev versions registered: 23
LogDevObjectVersion:   Dev-Blueprints (B0D832E4-1F89-4F0D-ACCF-7EB736FD4AA2): 10
LogDevObjectVersion:   Dev-Build (E1C64328-A22C-4D53-A36C-8E866417BD8C): 0
LogDevObjectVersion:   Dev-Core (375EC13C-06E4-48FB-B500-84F0262A717E): 3
LogDevObjectVersion:   Dev-Editor (E4B068ED-F494-42E9-A231-DA0B2E46BB41): 34
LogDevObjectVersion:   Dev-Framework (CFFC743F-43B0-4480-9391-14DF171D2073): 35
LogDevObjectVersion:   Dev-Mobile (B02B49B5-BB20-44E9-A304-32B752E40360): 2
LogDevObjectVersion:   Dev-Networking (A4E4105C-59A1-49B5-A7C5-40C4547EDFEE): 0
LogDevObjectVersion:   Dev-Online (39C831C9-5AE6-47DC-9A44-9C173E1C8E7C): 0
LogDevObjectVersion:   Dev-Physics (78F01B33-EBEA-4F98-B9B4-84EACCB95AA2): 0
LogDevObjectVersion:   Dev-Platform (6631380F-2D4D-43E0-8009-CF276956A95A): 0
LogDevObjectVersion:   Dev-Rendering (12F88B9F-8875-4AFC-A67C-D90C383ABD29): 31
LogDevObjectVersion:   Dev-Sequencer (7B5AE74C-D270-4C10-A958-57980B212A5A): 11
LogDevObjectVersion:   Dev-VR (D7296918-1DD6-4BDD-9DE2-64A83CC13884): 2
LogDevObjectVersion:   Dev-LoadTimes (C2A15278-BFE7-4AFE-6C17-90FF531DF755): 1
LogDevObjectVersion:   Private-Geometry (6EACA3D4-40EC-4CC1-B786-8BED09428FC5): 3
LogDevObjectVersion:   Dev-AnimPhys (29E575DD-E0A3-4627-9D10-D276232CDCEA): 17
LogDevObjectVersion:   Dev-Anim (AF43A65D-7FD3-4947-9873-3E8ED9C1BB05): 2
LogDevObjectVersion:   Dev-ReflectionCapture (6B266CEC-1EC7-4B8F-A30B-E4D90942FC07): 1
LogDevObjectVersion:   Dev-Automation (0DF73D61-A23F-47EA-B727-89E90C41499A): 1
LogDevObjectVersion:   FortniteMain (601D1886-AC64-4F84-AA16-D3DE0DEAC7D6): 27
LogDevObjectVersion:   Dev-Enterprise (9DFFBCD6-494F-0158-E221-12823C92A888): 6
LogDevObjectVersion:   Dev-Niagara (F2AED0AC-9AFE-416F-8664-AA7FFA26D6FC): 1
LogDevObjectVersion:   Dev-Destruction (174F1F0B-B4C6-45A5-B13F-2EE8D0FB917D): 9
LogInit: Presizing for max 16777216 objects, including 0 objects not considered by GC, pre-allocating 0 bytes for permanent pool.
LogInit: Object subsystem initialized
LogConfig: Setting CVar [[con.DebugEarlyDefault:1]]
LogConfig: Setting CVar [[r.setres:1280x720]]
[2019.10.05-08.00.47:493][  0]LogConfig: Setting CVar [[r.VSync:0]]
[2019.10.05-08.00.47:493][  0]LogConfig: Setting CVar [[r.RHICmdBypass:0]]
[2019.10.05-08.00.47:495][  0]LogConfig: Applying CVar settings from Section [/Script/Engine.RendererSettings] File [C:/Study/4 Курс/7 семестр/АКГ/MyProject/Saved/Config/Windows/Engine.ini]
[2019.10.05-08.00.47:495][  0]LogConfig: Setting CVar [[r.GPUCrashDebugging:0]]
[2019.10.05-08.00.47:495][  0]LogConfig: Setting CVar [[r.MobileHDR:1]]
[2019.10.05-08.00.47:495][  0]LogConfig: Setting CVar [[r.Mobile.DisableVertexFog:1]]
[2019.10.05-08.00.47:495][  0]LogConfig: Setting CVar [[r.Shadow.CSM.MaxMobileCascades:2]]
[2019.10.05-08.00.47:495][  0]LogConfig: Setting CVar [[r.MobileMSAA:1]]
[2019.10.05-08.00.47:495][  0]LogConfig: Setting CVar [[r.Mobile.UseLegacyShadingModel:0]]
[2019.10.05-08.00.47:495][  0]LogConfig: Setting CVar [[r.Mobile.UseHWsRGBEncoding:0]]
[2019.10.05-08.00.47:495][  0]LogConfig: Setting CVar [[r.Mobile.AllowDitheredLODTransition:0]]
[2019.10.05-08.00.47:495][  0]LogConfig: Setting CVar [[r.Mobile.AllowSoftwareOcclusion:0]]
[2019.10.05-08.00.47:495][  0]LogConfig: Setting CVar [[r.DiscardUnusedQuality:0]]
[2019.10.05-08.00.47:495][  0]LogConfig: Setting CVar [[r.AllowOcclusionQueries:1]]
[2019.10.05-08.00.47:495][  0]LogConfig: Setting CVar [[r.MinScreenRadiusForLights:0.030000]]
[2019.10.05-08.00.47:495][  0]LogConfig: Setting CVar [[r.MinScreenRadiusForDepthPrepass:0.030000]]
[2019.10.05-08.00.47:495][  0]LogConfig: Setting CVar [[r.MinScreenRadiusForCSMDepth:0.010000]]
[2019.10.05-08.00.47:495][  0]LogConfig: Setting CVar [[r.PrecomputedVisibilityWarning:0]]
[2019.10.05-08.00.47:495][  0]LogConfig: Setting CVar [[r.TextureStreaming:1]]
[2019.10.05-08.00.47:495][  0]LogConfig: Setting CVar [[Compat.UseDXT5NormalMaps:0]]
[2019.10.05-08.00.47:495][  0]LogConfig: Setting CVar [[r.VirtualTextures:0]]
[2019.10.05-08.00.47:495][  0]LogConfig: Setting CVar [[r.VirtualTexturedLightmaps:0]]
[2019.10.05-08.00.47:495][  0]LogConfig: Setting CVar [[r.VT.TileSize:128]]
[2019.10.05-08.00.47:495][  0]LogConfig: Setting CVar [[r.VT.TileBorderSize:4]]
[2019.10.05-08.00.47:495][  0]LogConfig: Setting CVar [[r.vt.FeedbackFactor:16]]
[2019.10.05-08.00.47:495][  0]LogConfig: Setting CVar [[r.VT.EnableCompressZlib:1]]
[2019.10.05-08.00.47:495][  0]LogConfig: Setting CVar [[r.VT.EnableCompressCrunch:0]]
[2019.10.05-08.00.47:495][  0]LogConfig: Setting CVar [[r.ClearCoatNormal:0]]
[2019.10.05-08.00.47:495][  0]LogConfig: Setting CVar [[r.ReflectionCaptureResolution:128]]
[2019.10.05-08.00.47:495][  0]LogConfig: Setting CVar [[r.ReflectionEnvironmentLightmapMixBasedOnRoughness:1]]
[2019.10.05-08.00.47:495][  0]LogConfig: Setting CVar [[r.ForwardShading:0]]
[2019.10.05-08.00.47:495][  0]LogConfig: Setting CVar [[r.VertexFoggingForOpaque:1]]
[2019.10.05-08.00.47:495][  0]LogConfig: Setting CVar [[r.AllowStaticLighting:1]]
[2019.10.05-08.00.47:495][  0]LogConfig: Setting CVar [[r.NormalMapsForStaticLighting:0]]
[2019.10.05-08.00.47:495][  0]LogConfig: Setting CVar [[r.GenerateMeshDistanceFields:0]]
[2019.10.05-08.00.47:495][  0]LogConfig: Setting CVar [[r.DistanceFieldBuild.EightBit:0]]
[2019.10.05-08.00.47:495][  0]LogConfig: Setting CVar [[r.GenerateLandscapeGIData:0]]
[2019.10.05-08.00.47:495][  0]LogConfig: Setting CVar [[r.DistanceFieldBuild.Compress:0]]
[2019.10.05-08.00.47:495][  0]LogConfig: Setting CVar [[r.TessellationAdaptivePixelsPerTriangle:48.000000]]
[2019.10.05-08.00.47:495][  0]LogConfig: Setting CVar [[r.SeparateTranslucency:1]]
[2019.10.05-08.00.47:495][  0]LogConfig: Setting CVar [[r.TranslucentSortPolicy:0]]
[2019.10.05-08.00.47:495][  0]LogConfig: Setting CVar [[r.CustomDepth:1]]
[2019.10.05-08.00.47:496][  0]LogConfig: Setting CVar [[r.CustomDepthTemporalAAJitter:1]]
[2019.10.05-08.00.47:496][  0]LogConfig: Setting CVar [[r.PostProcessing.PropagateAlpha:0]]
[2019.10.05-08.00.47:496][  0]LogConfig: Setting CVar [[r.DefaultFeature.Bloom:1]]
[2019.10.05-08.00.47:496][  0]LogConfig: Setting CVar [[r.DefaultFeature.AmbientOcclusion:1]]
[2019.10.05-08.00.47:496][  0]LogConfig: Setting CVar [[r.DefaultFeature.AmbientOcclusionStaticFraction:1]]
[2019.10.05-08.00.47:496][  0]LogConfig: Setting CVar [[r.DefaultFeature.AutoExposure:1]]
[2019.10.05-08.00.47:496][  0]LogConfig: Setting CVar [[r.DefaultFeature.AutoExposure.Method:0]]
[2019.10.05-08.00.47:496][  0]LogConfig: Setting CVar [[r.DefaultFeature.AutoExposure.ExtendDefaultLuminanceRange:0]]
[2019.10.05-08.00.47:496][  0]LogConfig: Setting CVar [[r.UsePreExposure:1]]
[2019.10.05-08.00.47:496][  0]LogConfig: Setting CVar [[r.EyeAdaptation.EditorOnly:1]]
[2019.10.05-08.00.47:496][  0]LogConfig: Setting CVar [[r.DefaultFeature.MotionBlur:1]]
[2019.10.05-08.00.47:496][  0]LogConfig: Setting CVar [[r.DefaultFeature.LensFlare:0]]
[2019.10.05-08.00.47:496][  0]LogConfig: Setting CVar [[r.TemporalAA.Upsampling:0]]
[2019.10.05-08.00.47:496][  0]LogConfig: Setting CVar [[r.DefaultFeature.AntiAliasing:2]]
[2019.10.05-08.00.47:496][  0]LogConfig: Setting CVar [[r.DefaultFeature.LightUnits:1]]
[2019.10.05-08.00.47:496][  0]LogConfig: Setting CVar [[r.DefaultBackBufferPixelFormat:4]]
[2019.10.05-08.00.47:496][  0]LogConfig: Setting CVar [[r.Shadow.UnbuiltPreviewInGame:1]]
[2019.10.05-08.00.47:496][  0]LogConfig: Setting CVar [[r.StencilForLODDither:0]]
[2019.10.05-08.00.47:496][  0]LogConfig: Setting CVar [[r.EarlyZPass:3]]
[2019.10.05-08.00.47:499][  0]LogConfig: Setting CVar [[r.EarlyZPassOnlyMaterialMasking:0]]
[2019.10.05-08.00.47:499][  0]LogConfig: Setting CVar [[r.DBuffer:1]]
[2019.10.05-08.00.47:499][  0]LogConfig: Setting CVar [[r.ClearSceneMethod:1]]
[2019.10.05-08.00.47:499][  0]LogConfig: Setting CVar [[r.BasePassOutputsVelocity:0]]
[2019.10.05-08.00.47:499][  0]LogConfig: Setting CVar [[r.SelectiveBasePassOutputs:0]]
[2019.10.05-08.00.47:499][  0]LogConfig: Setting CVar [[fx.GPUSimulationTextureSizeX:1024]]
[2019.10.05-08.00.47:499][  0]LogConfig: Setting CVar [[fx.GPUSimulationTextureSizeY:1024]]
[2019.10.05-08.00.47:499][  0]LogConfig: Setting CVar [[r.AllowGlobalClipPlane:0]]
[2019.10.05-08.00.47:499][  0]LogConfig: Setting CVar [[r.GBufferFormat:1]]
[2019.10.05-08.00.47:499][  0]LogConfig: Setting CVar [[r.MorphTarget.Mode:1]]
[2019.10.05-08.00.47:499][  0]LogConfig: Setting CVar [[vr.InstancedStereo:0]]
[2019.10.05-08.00.47:499][  0]LogConfig: Setting CVar [[vr.MultiView:0]]
[2019.10.05-08.00.47:499][  0]LogConfig: Setting CVar [[vr.MobileMultiView:0]]
[2019.10.05-08.00.47:499][  0]LogConfig: Setting CVar [[vr.MobileMultiView.Direct:0]]
[2019.10.05-08.00.47:499][  0]LogConfig: Setting CVar [[vr.RoundRobinOcclusion:0]]
[2019.10.05-08.00.47:499][  0]LogConfig: Setting CVar [[vr.ODSCapture:0]]
[2019.10.05-08.00.47:499][  0]LogConfig: Setting CVar [[r.WireframeCullThreshold:5.000000]]
[2019.10.05-08.00.47:499][  0]LogConfig: Setting CVar [[r.RayTracing:0]]
[2019.10.05-08.00.47:499][  0]LogConfig: Setting CVar [[r.SupportStationarySkylight:1]]
[2019.10.05-08.00.47:499][  0]LogConfig: Setting CVar [[r.SupportLowQualityLightmaps:1]]
[2019.10.05-08.00.47:499][  0]LogConfig: Setting CVar [[r.SupportPointLightWholeSceneShadows:1]]
[2019.10.05-08.00.47:499][  0]LogConfig: Setting CVar [[r.SupportAtmosphericFog:1]]
[2019.10.05-08.00.47:499][  0]LogConfig: Setting CVar [[r.SkinCache.CompileShaders:0]]
[2019.10.05-08.00.47:499][  0]LogConfig: Setting CVar [[r.Mobile.EnableStaticAndCSMShadowReceivers:1]]
[2019.10.05-08.00.47:499][  0]LogConfig: Setting CVar [[r.Mobile.EnableMovableLightCSMShaderCulling:1]]
[2019.10.05-08.00.47:499][  0]LogConfig: Setting CVar [[r.Mobile.AllowDistanceFieldShadows:1]]
[2019.10.05-08.00.47:499][  0]LogConfig: Setting CVar [[r.Mobile.AllowMovableDirectionalLights:1]]
[2019.10.05-08.00.47:499][  0]LogConfig: Setting CVar [[r.MobileNumDynamicPointLights:4]]
[2019.10.05-08.00.47:499][  0]LogConfig: Setting CVar [[r.MobileDynamicPointLightsUseStaticBranch:1]]
[2019.10.05-08.00.47:499][  0]LogConfig: Setting CVar [[r.Mobile.EnableMovableSpotlights:0]]
[2019.10.05-08.00.47:499][  0]LogConfig: Setting CVar [[r.SkinCache.SceneMemoryLimitInMB:128.000000]]
[2019.10.05-08.00.47:499][  0]LogConfig: Setting CVar [[r.GPUSkin.Limit2BoneInfluences:0]]
[2019.10.05-08.00.47:499][  0]LogConfig: Setting CVar [[r.SupportDepthOnlyIndexBuffers:1]]
[2019.10.05-08.00.47:499][  0]LogConfig: Setting CVar [[r.SupportReversedIndexBuffers:1]]
[2019.10.05-08.00.47:499][  0]LogConfig: Setting CVar [[r.SupportMaterialLayers:0]]
[2019.10.05-08.00.47:499][  0]LogConfig: Applying CVar settings from Section [/Script/Engine.RendererOverrideSettings] File [C:/Study/4 Курс/7 семестр/АКГ/MyProject/Saved/Config/Windows/Engine.ini]
[2019.10.05-08.00.47:500][  0]LogConfig: Applying CVar settings from Section [/Script/Engine.StreamingSettings] File [C:/Study/4 Курс/7 семестр/АКГ/MyProject/Saved/Config/Windows/Engine.ini]
[2019.10.05-08.00.47:500][  0]LogConfig: Setting CVar [[s.MinBulkDataSizeForAsyncLoading:131072]]
[2019.10.05-08.00.47:500][  0]LogConfig: Setting CVar [[s.AsyncLoadingThreadEnabled:0]]
[2019.10.05-08.00.47:500][  0]LogConfig: Setting CVar [[s.EventDrivenLoaderEnabled:1]]
[2019.10.05-08.00.47:500][  0]LogConfig: Setting CVar [[s.WarnIfTimeLimitExceeded:0]]
[2019.10.05-08.00.47:500][  0]LogConfig: Setting CVar [[s.TimeLimitExceededMultiplier:1.5]]
[2019.10.05-08.00.47:500][  0]LogConfig: Setting CVar [[s.TimeLimitExceededMinTime:0.005]]
[2019.10.05-08.00.47:500][  0]LogConfig: Setting CVar [[s.UseBackgroundLevelStreaming:1]]
[2019.10.05-08.00.47:500][  0]LogConfig: Setting CVar [[s.PriorityAsyncLoadingExtraTime:15.0]]
[2019.10.05-08.00.47:500][  0]LogConfig: Setting CVar [[s.LevelStreamingActorsUpdateTimeLimit:5.0]]
[2019.10.05-08.00.47:500][  0]LogConfig: Setting CVar [[s.PriorityLevelStreamingActorsUpdateExtraTime:5.0]]
[2019.10.05-08.00.47:500][  0]LogConfig: Setting CVar [[s.LevelStreamingComponentsRegistrationGranularity:10]]
[2019.10.05-08.00.47:500][  0]LogConfig: Setting CVar [[s.UnregisterComponentsTimeLimit:1.0]]
[2019.10.05-08.00.47:500][  0]LogConfig: Setting CVar [[s.LevelStreamingComponentsUnregistrationGranularity:5]]
[2019.10.05-08.00.47:500][  0]LogConfig: Applying CVar settings from Section [/Script/Engine.GarbageCollectionSettings] File [C:/Study/4 Курс/7 семестр/АКГ/MyProject/Saved/Config/Windows/Engine.ini]
[2019.10.05-08.00.47:500][  0]LogConfig: Setting CVar [[gc.MaxObjectsNotConsideredByGC:1]]
[2019.10.05-08.00.47:500][  0]LogConfig: Setting CVar [[gc.SizeOfPermanentObjectPool:0]]
[2019.10.05-08.00.47:500][  0]LogConfig: Setting CVar [[gc.FlushStreamingOnGC:0]]
[2019.10.05-08.00.47:500][  0]LogConfig: Setting CVar [[gc.NumRetriesBeforeForcingGC:10]]
[2019.10.05-08.00.47:500][  0]LogConfig: Setting CVar [[gc.AllowParallelGC:1]]
[2019.10.05-08.00.47:500][  0]LogConfig: Setting CVar [[gc.TimeBetweenPurgingPendingKillObjects:61.1]]
[2019.10.05-08.00.47:500][  0]LogConfig: Setting CVar [[gc.MaxObjectsInEditor:16777216]]
[2019.10.05-08.00.47:500][  0]LogConfig: Setting CVar [[gc.IncrementalBeginDestroyEnabled:1]]
[2019.10.05-08.00.47:500][  0]LogConfig: Setting CVar [[gc.CreateGCClusters:1]]
[2019.10.05-08.00.47:500][  0]LogConfig: Setting CVar [[gc.MinGCClusterSize:5]]
[2019.10.05-08.00.47:500][  0]LogConfig: Setting CVar [[gc.ActorClusteringEnabled:0]]
[2019.10.05-08.00.47:500][  0]LogConfig: Setting CVar [[gc.BlueprintClusteringEnabled:0]]
[2019.10.05-08.00.47:500][  0]LogConfig: Setting CVar [[gc.UseDisregardForGCOnDedicatedServers:0]]
[2019.10.05-08.00.47:500][  0]LogConfig: Applying CVar settings from Section [/Script/Engine.NetworkSettings] File [C:/Study/4 Курс/7 семестр/АКГ/MyProject/Saved/Config/Windows/Engine.ini]
[2019.10.05-08.00.47:500][  0]LogConfig: Applying CVar settings from Section [/Script/UnrealEd.CookerSettings] File [C:/Study/4 Курс/7 семестр/АКГ/MyProject/Saved/Config/Windows/Engine.ini]
[2019.10.05-08.00.47:512][  0]LogConfig: Applying CVar settings from Section [ViewDistanceQuality@3] File [C:/Study/4 Курс/7 семестр/АКГ/MyProject/Saved/Config/Windows/Scalability.ini]
[2019.10.05-08.00.47:512][  0]LogConfig: Setting CVar [[r.SkeletalMeshLODBias:0]]
[2019.10.05-08.00.47:512][  0]LogConfig: Setting CVar [[r.ViewDistanceScale:1.0]]
[2019.10.05-08.00.47:512][  0]LogConfig: Applying CVar settings from Section [AntiAliasingQuality@3] File [C:/Study/4 Курс/7 семестр/АКГ/MyProject/Saved/Config/Windows/Scalability.ini]
[2019.10.05-08.00.47:512][  0]LogConfig: Setting CVar [[r.PostProcessAAQuality:4]]
[2019.10.05-08.00.47:512][  0]LogConfig: Applying CVar settings from Section [ShadowQuality@3] File [C:/Study/4 Курс/7 семестр/АКГ/MyProject/Saved/Config/Windows/Scalability.ini]
[2019.10.05-08.00.47:512][  0]LogConfig: Setting CVar [[r.LightFunctionQuality:1]]
[2019.10.05-08.00.47:512][  0]LogConfig: Setting CVar [[r.ShadowQuality:5]]
[2019.10.05-08.00.47:512][  0]LogConfig: Setting CVar [[r.Shadow.CSM.MaxCascades:10]]
[2019.10.05-08.00.47:512][  0]LogConfig: Setting CVar [[r.Shadow.MaxResolution:2048]]
[2019.10.05-08.00.47:512][  0]LogConfig: Setting CVar [[r.Shadow.MaxCSMResolution:2048]]
[2019.10.05-08.00.47:512][  0]LogConfig: Setting CVar [[r.Shadow.RadiusThreshold:0.01]]
[2019.10.05-08.00.47:512][  0]LogConfig: Setting CVar [[r.Shadow.DistanceScale:1.0]]
[2019.10.05-08.00.47:512][  0]LogConfig: Setting CVar [[r.Shadow.CSM.TransitionScale:1.0]]
[2019.10.05-08.00.47:512][  0]LogConfig: Setting CVar [[r.Shadow.PreShadowResolutionFactor:1.0]]
[2019.10.05-08.00.47:512][  0]LogConfig: Setting CVar [[r.DistanceFieldShadowing:1]]
[2019.10.05-08.00.47:512][  0]LogConfig: Setting CVar [[r.DistanceFieldAO:1]]
[2019.10.05-08.00.47:512][  0]LogConfig: Setting CVar [[r.AOQuality:2]]
[2019.10.05-08.00.47:512][  0]LogConfig: Setting CVar [[r.VolumetricFog:1]]
[2019.10.05-08.00.47:512][  0]LogConfig: Setting CVar [[r.VolumetricFog.GridPixelSize:8]]
[2019.10.05-08.00.47:512][  0]LogConfig: Setting CVar [[r.VolumetricFog.GridSizeZ:128]]
[2019.10.05-08.00.47:512][  0]LogConfig: Setting CVar [[r.VolumetricFog.HistoryMissSupersampleCount:4]]
[2019.10.05-08.00.47:512][  0]LogConfig: Setting CVar [[r.LightMaxDrawDistanceScale:1]]
[2019.10.05-08.00.47:512][  0]LogConfig: Setting CVar [[r.CapsuleShadows:1]]
[2019.10.05-08.00.47:512][  0]LogConfig: Applying CVar settings from Section [PostProcessQuality@3] File [C:/Study/4 Курс/7 семестр/АКГ/MyProject/Saved/Config/Windows/Scalability.ini]
[2019.10.05-08.00.47:512][  0]LogConfig: Setting CVar [[r.MotionBlurQuality:4]]
[2019.10.05-08.00.47:512][  0]LogConfig: Setting CVar [[r.AmbientOcclusionMipLevelFactor:0.4]]
[2019.10.05-08.00.47:512][  0]LogConfig: Setting CVar [[r.AmbientOcclusionMaxQuality:100]]
[2019.10.05-08.00.47:512][  0]LogConfig: Setting CVar [[r.AmbientOcclusionLevels:-1]]
[2019.10.05-08.00.47:513][  0]LogConfig: Setting CVar [[r.AmbientOcclusionRadiusScale:1.0]]
[2019.10.05-08.00.47:513][  0]LogConfig: Setting CVar [[r.DepthOfFieldQuality:2]]
[2019.10.05-08.00.47:513][  0]LogConfig: Setting CVar [[r.RenderTargetPoolMin:400]]
[2019.10.05-08.00.47:513][  0]LogConfig: Setting CVar [[r.LensFlareQuality:2]]
[2019.10.05-08.00.47:513][  0]LogConfig: Setting CVar [[r.SceneColorFringeQuality:1]]
[2019.10.05-08.00.47:513][  0]LogConfig: Setting CVar [[r.EyeAdaptationQuality:2]]
[2019.10.05-08.00.47:513][  0]LogConfig: Setting CVar [[r.BloomQuality:5]]
[2019.10.05-08.00.47:513][  0]LogConfig: Setting CVar [[r.FastBlurThreshold:100]]
[2019.10.05-08.00.47:513][  0]LogConfig: Setting CVar [[r.Upscale.Quality:3]]
[2019.10.05-08.00.47:513][  0]LogConfig: Setting CVar [[r.Tonemapper.GrainQuantization:1]]
[2019.10.05-08.00.47:513][  0]LogConfig: Setting CVar [[r.LightShaftQuality:1]]
[2019.10.05-08.00.47:513][  0]LogConfig: Setting CVar [[r.Filter.SizeScale:1]]
[2019.10.05-08.00.47:513][  0]LogConfig: Setting CVar [[r.Tonemapper.Quality:5]]
[2019.10.05-08.00.47:513][  0]LogConfig: Setting CVar [[r.DOF.Gather.AccumulatorQuality:1        ; higher gathering accumulator quality]]
[2019.10.05-08.00.47:513][  0]LogConfig: Setting CVar [[r.DOF.Gather.PostfilterMethod:1          ; Median3x3 postfilering method]]
[2019.10.05-08.00.47:513][  0]LogConfig: Setting CVar [[r.DOF.Gather.EnableBokehSettings:0       ; no bokeh simulation when gathering]]
[2019.10.05-08.00.47:513][  0]LogConfig: Setting CVar [[r.DOF.Gather.RingCount:4                 ; medium number of samples when gathering]]
[2019.10.05-08.00.47:513][  0]LogConfig: Setting CVar [[r.DOF.Scatter.ForegroundCompositing:1    ; additive foreground scattering]]
[2019.10.05-08.00.47:513][  0]LogConfig: Setting CVar [[r.DOF.Scatter.BackgroundCompositing:2    ; additive background scattering]]
[2019.10.05-08.00.47:513][  0]LogConfig: Setting CVar [[r.DOF.Scatter.EnableBokehSettings:1      ; bokeh simulation when scattering]]
[2019.10.05-08.00.47:513][  0]LogConfig: Setting CVar [[r.DOF.Scatter.MaxSpriteRatio:0.1         ; only a maximum of 10% of scattered bokeh]]
[2019.10.05-08.00.47:513][  0]LogConfig: Setting CVar [[r.DOF.Recombine.Quality:1                ; cheap slight out of focus]]
[2019.10.05-08.00.47:513][  0]LogConfig: Setting CVar [[r.DOF.Recombine.EnableBokehSettings:0    ; no bokeh simulation on slight out of focus]]
[2019.10.05-08.00.47:513][  0]LogConfig: Setting CVar [[r.DOF.TemporalAAQuality:1                ; more stable temporal accumulation]]
[2019.10.05-08.00.47:513][  0]LogConfig: Setting CVar [[r.DOF.Kernel.MaxForegroundRadius:0.025]]
[2019.10.05-08.00.47:513][  0]LogConfig: Setting CVar [[r.DOF.Kernel.MaxBackgroundRadius:0.025]]
[2019.10.05-08.00.47:513][  0]LogConfig: Applying CVar settings from Section [TextureQuality@3] File [C:/Study/4 Курс/7 семестр/АКГ/MyProject/Saved/Config/Windows/Scalability.ini]
[2019.10.05-08.00.47:513][  0]LogConfig: Setting CVar [[r.Streaming.MipBias:0]]
[2019.10.05-08.00.47:513][  0]LogConfig: Setting CVar [[r.Streaming.AmortizeCPUToGPUCopy:0]]
[2019.10.05-08.00.47:513][  0]LogConfig: Setting CVar [[r.Streaming.MaxNumTexturesToStreamPerFrame:0]]
[2019.10.05-08.00.47:513][  0]LogConfig: Setting CVar [[r.Streaming.Boost:1]]
[2019.10.05-08.00.47:513][  0]LogConfig: Setting CVar [[r.MaxAnisotropy:8]]
[2019.10.05-08.00.47:513][  0]LogConfig: Setting CVar [[r.Streaming.LimitPoolSizeToVRAM:0]]
[2019.10.05-08.00.47:513][  0]LogConfig: Setting CVar [[r.Streaming.PoolSize:1000]]
[2019.10.05-08.00.47:513][  0]LogConfig: Setting CVar [[r.Streaming.MaxEffectiveScreenSize:0]]
[2019.10.05-08.00.47:513][  0]LogConfig: Applying CVar settings from Section [EffectsQuality@3] File [C:/Study/4 Курс/7 семестр/АКГ/MyProject/Saved/Config/Windows/Scalability.ini]
[2019.10.05-08.00.47:513][  0]LogConfig: Setting CVar [[r.TranslucencyLightingVolumeDim:64]]
[2019.10.05-08.00.47:513][  0]LogConfig: Setting CVar [[r.RefractionQuality:2]]
[2019.10.05-08.00.47:513][  0]LogConfig: Setting CVar [[r.SSR.Quality:3]]
[2019.10.05-08.00.47:514][  0]LogConfig: Setting CVar [[r.SceneColorFormat:4]]
[2019.10.05-08.00.47:514][  0]LogConfig: Setting CVar [[r.DetailMode:2]]
[2019.10.05-08.00.47:514][  0]LogConfig: Setting CVar [[r.TranslucencyVolumeBlur:1]]
[2019.10.05-08.00.47:514][  0]LogConfig: Setting CVar [[r.MaterialQualityLevel:1 ; High quality]]
[2019.10.05-08.00.47:514][  0]LogConfig: Setting CVar [[r.SSS.Scale:1]]
[2019.10.05-08.00.47:514][  0]LogConfig: Setting CVar [[r.SSS.SampleSet:2]]
[2019.10.05-08.00.47:514][  0]LogConfig: Setting CVar [[r.SSS.Quality:1]]
[2019.10.05-08.00.47:514][  0]LogConfig: Setting CVar [[r.SSS.HalfRes:1]]
[2019.10.05-08.00.47:514][  0]LogConfig: Setting CVar [[r.EmitterSpawnRateScale:1.0]]
[2019.10.05-08.00.47:514][  0]LogConfig: Setting CVar [[r.ParticleLightQuality:2]]
[2019.10.05-08.00.47:514][  0]LogConfig: Applying CVar settings from Section [FoliageQuality@3] File [C:/Study/4 Курс/7 семестр/АКГ/MyProject/Saved/Config/Windows/Scalability.ini]
[2019.10.05-08.00.47:514][  0]LogConfig: Setting CVar [[foliage.DensityScale:1.0]]
[2019.10.05-08.00.47:514][  0]LogConfig: Setting CVar [[grass.DensityScale:1.0]]
[2019.10.05-08.00.47:516][  0]LogInit: Selected Device Profile: [Windows]
[2019.10.05-08.00.47:517][  0]LogInit: Applying CVar settings loaded from the selected device profile: [Windows]
[2019.10.05-08.00.47:538][  0]LogHAL: Display: Platform has ~ 4 GB [3701989376 / 4294967296 / 4], which maps to Smallest [LargestMinGB=32, LargerMinGB=12, DefaultMinGB=8, SmallerMinGB=6, SmallestMinGB=0)
[2019.10.05-08.00.47:538][  0]LogInit: Going up to parent DeviceProfile []
[2019.10.05-08.00.47:539][  0]LogConfig: Applying CVar settings from Section [ViewDistanceQuality@3] File [C:/Study/4 Курс/7 семестр/АКГ/MyProject/Saved/Config/Windows/Scalability.ini]
[2019.10.05-08.00.47:539][  0]LogConfig: Setting CVar [[r.SkeletalMeshLODBias:0]]
[2019.10.05-08.00.47:539][  0]LogConfig: Setting CVar [[r.ViewDistanceScale:1.0]]
[2019.10.05-08.00.47:539][  0]LogConfig: Applying CVar settings from Section [AntiAliasingQuality@3] File [C:/Study/4 Курс/7 семестр/АКГ/MyProject/Saved/Config/Windows/Scalability.ini]
[2019.10.05-08.00.47:539][  0]LogConfig: Setting CVar [[r.PostProcessAAQuality:4]]
[2019.10.05-08.00.47:539][  0]LogConfig: Applying CVar settings from Section [ShadowQuality@3] File [C:/Study/4 Курс/7 семестр/АКГ/MyProject/Saved/Config/Windows/Scalability.ini]
[2019.10.05-08.00.47:539][  0]LogConfig: Setting CVar [[r.LightFunctionQuality:1]]
[2019.10.05-08.00.47:539][  0]LogConfig: Setting CVar [[r.ShadowQuality:5]]
[2019.10.05-08.00.47:539][  0]LogConfig: Setting CVar [[r.Shadow.CSM.MaxCascades:10]]
[2019.10.05-08.00.47:539][  0]LogConfig: Setting CVar [[r.Shadow.MaxResolution:2048]]
[2019.10.05-08.00.47:539][  0]LogConfig: Setting CVar [[r.Shadow.MaxCSMResolution:2048]]
[2019.10.05-08.00.47:539][  0]LogConfig: Setting CVar [[r.Shadow.RadiusThreshold:0.01]]
[2019.10.05-08.00.47:539][  0]LogConfig: Setting CVar [[r.Shadow.DistanceScale:1.0]]
[2019.10.05-08.00.47:539][  0]LogConfig: Setting CVar [[r.Shadow.CSM.TransitionScale:1.0]]
[2019.10.05-08.00.47:539][  0]LogConfig: Setting CVar [[r.Shadow.PreShadowResolutionFactor:1.0]]
[2019.10.05-08.00.47:539][  0]LogConfig: Setting CVar [[r.DistanceFieldShadowing:1]]
[2019.10.05-08.00.47:539][  0]LogConfig: Setting CVar [[r.DistanceFieldAO:1]]
[2019.10.05-08.00.47:539][  0]LogConfig: Setting CVar [[r.AOQuality:2]]
[2019.10.05-08.00.47:539][  0]LogConfig: Setting CVar [[r.VolumetricFog:1]]
[2019.10.05-08.00.47:539][  0]LogConfig: Setting CVar [[r.VolumetricFog.GridPixelSize:8]]
[2019.10.05-08.00.47:539][  0]LogConfig: Setting CVar [[r.VolumetricFog.GridSizeZ:128]]
[2019.10.05-08.00.47:539][  0]LogConfig: Setting CVar [[r.VolumetricFog.HistoryMissSupersampleCount:4]]
[2019.10.05-08.00.47:539][  0]LogConfig: Setting CVar [[r.LightMaxDrawDistanceScale:1]]
[2019.10.05-08.00.47:539][  0]LogConfig: Setting CVar [[r.CapsuleShadows:1]]
[2019.10.05-08.00.47:539][  0]LogConfig: Applying CVar settings from Section [PostProcessQuality@3] File [C:/Study/4 Курс/7 семестр/АКГ/MyProject/Saved/Config/Windows/Scalability.ini]
[2019.10.05-08.00.47:539][  0]LogConfig: Setting CVar [[r.MotionBlurQuality:4]]
[2019.10.05-08.00.47:539][  0]LogConfig: Setting CVar [[r.AmbientOcclusionMipLevelFactor:0.4]]
[2019.10.05-08.00.47:539][  0]LogConfig: Setting CVar [[r.AmbientOcclusionMaxQuality:100]]
[2019.10.05-08.00.47:539][  0]LogConfig: Setting CVar [[r.AmbientOcclusionLevels:-1]]
[2019.10.05-08.00.47:539][  0]LogConfig: Setting CVar [[r.AmbientOcclusionRadiusScale:1.0]]
[2019.10.05-08.00.47:539][  0]LogConfig: Setting CVar [[r.DepthOfFieldQuality:2]]
[2019.10.05-08.00.47:539][  0]LogConfig: Setting CVar [[r.RenderTargetPoolMin:400]]
[2019.10.05-08.00.47:539][  0]LogConfig: Setting CVar [[r.LensFlareQuality:2]]
[2019.10.05-08.00.47:539][  0]LogConfig: Setting CVar [[r.SceneColorFringeQuality:1]]
[2019.10.05-08.00.47:539][  0]LogConfig: Setting CVar [[r.EyeAdaptationQuality:2]]
[2019.10.05-08.00.47:539][  0]LogConfig: Setting CVar [[r.BloomQuality:5]]
[2019.10.05-08.00.47:540][  0]LogConfig: Setting CVar [[r.FastBlurThreshold:100]]
[2019.10.05-08.00.47:540][  0]LogConfig: Setting CVar [[r.Upscale.Quality:3]]
[2019.10.05-08.00.47:540][  0]LogConfig: Setting CVar [[r.Tonemapper.GrainQuantization:1]]
[2019.10.05-08.00.47:540][  0]LogConfig: Setting CVar [[r.LightShaftQuality:1]]
[2019.10.05-08.00.47:540][  0]LogConfig: Setting CVar [[r.Filter.SizeScale:1]]
[2019.10.05-08.00.47:540][  0]LogConfig: Setting CVar [[r.Tonemapper.Quality:5]]
[2019.10.05-08.00.47:540][  0]LogConfig: Setting CVar [[r.DOF.Gather.AccumulatorQuality:1        ; higher gathering accumulator quality]]
[2019.10.05-08.00.47:540][  0]LogConfig: Setting CVar [[r.DOF.Gather.PostfilterMethod:1          ; Median3x3 postfilering method]]
[2019.10.05-08.00.47:540][  0]LogConfig: Setting CVar [[r.DOF.Gather.EnableBokehSettings:0       ; no bokeh simulation when gathering]]
[2019.10.05-08.00.47:540][  0]LogConfig: Setting CVar [[r.DOF.Gather.RingCount:4                 ; medium number of samples when gathering]]
[2019.10.05-08.00.47:540][  0]LogConfig: Setting CVar [[r.DOF.Scatter.ForegroundCompositing:1    ; additive foreground scattering]]
[2019.10.05-08.00.47:540][  0]LogConfig: Setting CVar [[r.DOF.Scatter.BackgroundCompositing:2    ; additive background scattering]]
[2019.10.05-08.00.47:540][  0]LogConfig: Setting CVar [[r.DOF.Scatter.EnableBokehSettings:1      ; bokeh simulation when scattering]]
[2019.10.05-08.00.47:540][  0]LogConfig: Setting CVar [[r.DOF.Scatter.MaxSpriteRatio:0.1         ; only a maximum of 10% of scattered bokeh]]
[2019.10.05-08.00.47:540][  0]LogConfig: Setting CVar [[r.DOF.Recombine.Quality:1                ; cheap slight out of focus]]
[2019.10.05-08.00.47:540][  0]LogConfig: Setting CVar [[r.DOF.Recombine.EnableBokehSettings:0    ; no bokeh simulation on slight out of focus]]
[2019.10.05-08.00.47:540][  0]LogConfig: Setting CVar [[r.DOF.TemporalAAQuality:1                ; more stable temporal accumulation]]
[2019.10.05-08.00.47:540][  0]LogConfig: Setting CVar [[r.DOF.Kernel.MaxForegroundRadius:0.025]]
[2019.10.05-08.00.47:540][  0]LogConfig: Setting CVar [[r.DOF.Kernel.MaxBackgroundRadius:0.025]]
[2019.10.05-08.00.47:540][  0]LogConfig: Applying CVar settings from Section [TextureQuality@3] File [C:/Study/4 Курс/7 семестр/АКГ/MyProject/Saved/Config/Windows/Scalability.ini]
[2019.10.05-08.00.47:540][  0]LogConfig: Setting CVar [[r.Streaming.MipBias:0]]
[2019.10.05-08.00.47:540][  0]LogConfig: Setting CVar [[r.Streaming.AmortizeCPUToGPUCopy:0]]
[2019.10.05-08.00.47:540][  0]LogConfig: Setting CVar [[r.Streaming.MaxNumTexturesToStreamPerFrame:0]]
[2019.10.05-08.00.47:540][  0]LogConfig: Setting CVar [[r.Streaming.Boost:1]]
[2019.10.05-08.00.47:540][  0]LogConfig: Setting CVar [[r.MaxAnisotropy:8]]
[2019.10.05-08.00.47:540][  0]LogConfig: Setting CVar [[r.Streaming.LimitPoolSizeToVRAM:0]]
[2019.10.05-08.00.47:540][  0]LogConfig: Setting CVar [[r.Streaming.PoolSize:1000]]
[2019.10.05-08.00.47:540][  0]LogConfig: Setting CVar [[r.Streaming.MaxEffectiveScreenSize:0]]
[2019.10.05-08.00.47:540][  0]LogConfig: Applying CVar settings from Section [EffectsQuality@3] File [C:/Study/4 Курс/7 семестр/АКГ/MyProject/Saved/Config/Windows/Scalability.ini]
[2019.10.05-08.00.47:540][  0]LogConfig: Setting CVar [[r.TranslucencyLightingVolumeDim:64]]
[2019.10.05-08.00.47:540][  0]LogConfig: Setting CVar [[r.RefractionQuality:2]]
[2019.10.05-08.00.47:540][  0]LogConfig: Setting CVar [[r.SSR.Quality:3]]
[2019.10.05-08.00.47:540][  0]LogConfig: Setting CVar [[r.SceneColorFormat:4]]
[2019.10.05-08.00.47:540][  0]LogConfig: Setting CVar [[r.DetailMode:2]]
[2019.10.05-08.00.47:540][  0]LogConfig: Setting CVar [[r.TranslucencyVolumeBlur:1]]
[2019.10.05-08.00.47:540][  0]LogConfig: Setting CVar [[r.MaterialQualityLevel:1 ; High quality]]
[2019.10.05-08.00.47:540][  0]LogConfig: Setting CVar [[r.SSS.Scale:1]]
[2019.10.05-08.00.47:540][  0]LogConfig: Setting CVar [[r.SSS.SampleSet:2]]
[2019.10.05-08.00.47:541][  0]LogConfig: Setting CVar [[r.SSS.Quality:1]]
[2019.10.05-08.00.47:541][  0]LogConfig: Setting CVar [[r.SSS.HalfRes:1]]
[2019.10.05-08.00.47:541][  0]LogConfig: Setting CVar [[r.EmitterSpawnRateScale:1.0]]
[2019.10.05-08.00.47:541][  0]LogConfig: Setting CVar [[r.ParticleLightQuality:2]]
[2019.10.05-08.00.47:541][  0]LogConfig: Applying CVar settings from Section [FoliageQuality@3] File [C:/Study/4 Курс/7 семестр/АКГ/MyProject/Saved/Config/Windows/Scalability.ini]
[2019.10.05-08.00.47:541][  0]LogConfig: Setting CVar [[foliage.DensityScale:1.0]]
[2019.10.05-08.00.47:541][  0]LogConfig: Setting CVar [[grass.DensityScale:1.0]]
[2019.10.05-08.00.47:541][  0]LogConfig: Applying CVar settings from Section [Startup] File [../../../Engine/Config/ConsoleVariables.ini]
[2019.10.05-08.00.47:552][  0]LogConfig: Setting CVar [[net.UseAdaptiveNetUpdateFrequency:0]]
[2019.10.05-08.00.47:552][  0]LogConfig: Setting CVar [[p.chaos.AllowCreatePhysxBodies:1]]
[2019.10.05-08.00.47:552][  0]LogConfig: Applying CVar settings from Section [ConsoleVariables] File [C:/Study/4 Курс/7 семестр/АКГ/MyProject/Saved/Config/Windows/Engine.ini]
[2019.10.05-08.00.47:554][  0]LogInit: Computer: DESKTOP-ENNEN45
[2019.10.05-08.00.47:555][  0]LogInit: User: MaskaO
[2019.10.05-08.00.47:555][  0]LogInit: CPU Page size=4096, Cores=4
[2019.10.05-08.00.47:555][  0]LogInit: High frequency timer resolution =10.000000 MHz
[2019.10.05-08.00.47:556][  0]LogMemory: Memory total: Physical=3.4GB (4GB approx)
[2019.10.05-08.00.47:556][  0]LogMemory: Platform Memory Stats for Windows
[2019.10.05-08.00.47:556][  0]LogMemory: Process Physical Memory: 100.41 MB used, 100.41 MB peak
[2019.10.05-08.00.47:556][  0]LogMemory: Process Virtual Memory: 99.91 MB used, 99.91 MB peak
[2019.10.05-08.00.47:556][  0]LogMemory: Physical Memory: 2827.75 MB used,  702.74 MB free, 3530.49 MB total
[2019.10.05-08.00.47:556][  0]LogMemory: Virtual Memory: 4655.49 MB used,  134213072.00 MB free, 134217728.00 MB total
[2019.10.05-08.00.47:594][  0]LogWindows: WindowsPlatformFeatures enabled
[2019.10.05-08.00.48:046][  0]LogInit: Using OS detected language (ru-RU).
[2019.10.05-08.00.48:046][  0]LogInit: Using OS detected locale (ru-RU).
[2019.10.05-08.00.48:052][  0]LogTextLocalizationManager: No specific localization for 'ru-RU' exists, so the 'ru' localization will be used.
[2019.10.05-08.00.48:054][  0]LogTextLocalizationResource: LocRes '../../../Engine/Content/Localization/Editor/ru/Editor.locres' could not be opened for reading!
[2019.10.05-08.00.48:054][  0]LogTextLocalizationResource: LocRes '../../../Engine/Content/Localization/EditorTutorials/ru/EditorTutorials.locres' could not be opened for reading!
[2019.10.05-08.00.48:054][  0]LogTextLocalizationResource: LocRes '../../../Engine/Content/Localization/Keywords/ru/Keywords.locres' could not be opened for reading!
[2019.10.05-08.00.48:054][  0]LogTextLocalizationResource: LocRes '../../../Engine/Content/Localization/Category/ru/Category.locres' could not be opened for reading!
[2019.10.05-08.00.48:056][  0]LogTextLocalizationResource: LocRes '../../../Engine/Content/Localization/ToolTips/ru/ToolTips.locres' could not be opened for reading!
[2019.10.05-08.00.48:057][  0]LogTextLocalizationResource: LocRes '../../../Engine/Content/Localization/PropertyNames/ru/PropertyNames.locres' could not be opened for reading!
[2019.10.05-08.00.48:057][  0]LogTextLocalizationResource: LocRes '../../../Engine/Content/Localization/Engine/ru/Engine.locres' could not be opened for reading!
[2019.10.05-08.00.48:111][  0]LogInit: Setting process to per monitor DPI aware
[2019.10.05-08.00.48:317][  0]LogSlate: New Slate User Created.  User Index 0, Is Virtual User: 0
[2019.10.05-08.00.48:317][  0]LogSlate: Slate User Registered.  User Index 0, Is Virtual User: 0
[2019.10.05-08.00.54:178][  0]LogHMD: Failed to initialize OpenVR with code 110
[2019.10.05-08.00.54:178][  0]LogD3D11RHI: D3D11 adapters:
[2019.10.05-08.00.54:588][  0]LogD3D11RHI:    0. 'AMD Radeon(TM) R7 Graphics' (Feature Level 11_0)
[2019.10.05-08.00.54:588][  0]LogD3D11RHI:       500/0/1765 MB DedicatedVideo/DedicatedSystem/SharedSystem, Outputs:1, VendorId:0x1002
[2019.10.05-08.00.54:596][  0]LogD3D11RHI:    1. 'Microsoft Basic Render Driver' (Feature Level 11_0)
[2019.10.05-08.00.54:596][  0]LogD3D11RHI:       0/0/1765 MB DedicatedVideo/DedicatedSystem/SharedSystem, Outputs:0, VendorId:0x1414
[2019.10.05-08.00.54:596][  0]LogD3D11RHI: Chosen D3D11 Adapter: 0
[2019.10.05-08.00.54:611][  0]LogD3D11RHI: Creating new Direct3DDevice
[2019.10.05-08.00.54:611][  0]LogD3D11RHI:     GPU DeviceId: 0x1309 (for the marketing name, search the web for "GPU Device Id")
[2019.10.05-08.00.54:611][  0]LogWindows: EnumDisplayDevices:
[2019.10.05-08.00.54:612][  0]LogWindows:    0. 'AMD Radeon(TM) R7 Graphics' (P:1 D:1)
[2019.10.05-08.00.54:612][  0]LogWindows:    1. 'AMD Radeon(TM) R7 Graphics' (P:0 D:0)
[2019.10.05-08.00.54:613][  0]LogWindows:    2. 'AMD Radeon(TM) R7 Graphics' (P:0 D:0)
[2019.10.05-08.00.54:613][  0]LogWindows:    3. 'AMD Radeon(TM) R7 Graphics' (P:0 D:0)
[2019.10.05-08.00.54:614][  0]LogWindows: DebugString: FoundDriverCount:4 
[2019.10.05-08.00.54:614][  0]LogD3D11RHI:     Adapter Name: AMD Radeon(TM) R7 Graphics
[2019.10.05-08.00.54:615][  0]LogD3D11RHI:   Driver Version: 15.201.1101.0 (internal:15.201.1101.0, unified:15.201.1101.0)
[2019.10.05-08.00.54:615][  0]LogD3D11RHI:      Driver Date: 8-6-2015
[2019.10.05-08.00.54:615][  0]LogRHI: Texture pool is 350 MB (70% of 500 MB)
[2019.10.05-08.00.54:913][  0]LogD3D11RHI: Async texture creation enabled
[2019.10.05-08.00.54:973][  0]LogD3D11RHI: GPU Timing Frequency: 27.000000 (Debug: 2 2)
[2019.10.05-08.00.56:672][  0]LogTemp: Display: Module 'AllDesktopTargetPlatform' loaded TargetPlatform 'AllDesktop'
[2019.10.05-08.00.56:699][  0]LogTemp: Display: Module 'MacClientTargetPlatform' loaded TargetPlatform 'MacClient'
[2019.10.05-08.00.56:735][  0]LogTemp: Display: Module 'MacNoEditorTargetPlatform' loaded TargetPlatform 'MacNoEditor'
[2019.10.05-08.00.56:763][  0]LogTemp: Display: Module 'MacServerTargetPlatform' loaded TargetPlatform 'MacServer'
[2019.10.05-08.00.56:809][  0]LogTemp: Display: Module 'MacTargetPlatform' loaded TargetPlatform 'Mac'
[2019.10.05-08.00.56:841][  0]LogTemp: Display: Module 'WindowsClientTargetPlatform' loaded TargetPlatform 'WindowsClient'
[2019.10.05-08.00.56:874][  0]LogTemp: Display: Module 'WindowsNoEditorTargetPlatform' loaded TargetPlatform 'WindowsNoEditor'
[2019.10.05-08.00.56:904][  0]LogTemp: Display: Module 'WindowsServerTargetPlatform' loaded TargetPlatform 'WindowsServer'
[2019.10.05-08.00.56:927][  0]LogTemp: Display: Module 'WindowsTargetPlatform' loaded TargetPlatform 'Windows'
[2019.10.05-08.00.57:072][  0]LogTemp: Display: Module 'AndroidTargetPlatform' loaded TargetPlatform 'Android'
[2019.10.05-08.00.57:072][  0]LogTemp: Display: Module 'AndroidTargetPlatform' loaded TargetPlatform 'Android_ASTC'
[2019.10.05-08.00.57:072][  0]LogTemp: Display: Module 'AndroidTargetPlatform' loaded TargetPlatform 'Android_ATC'
[2019.10.05-08.00.57:072][  0]LogTemp: Display: Module 'AndroidTargetPlatform' loaded TargetPlatform 'Android_DXT'
[2019.10.05-08.00.57:072][  0]LogTemp: Display: Module 'AndroidTargetPlatform' loaded TargetPlatform 'Android_ETC1'
[2019.10.05-08.00.57:072][  0]LogTemp: Display: Module 'AndroidTargetPlatform' loaded TargetPlatform 'Android_ETC1a'
[2019.10.05-08.00.57:072][  0]LogTemp: Display: Module 'AndroidTargetPlatform' loaded TargetPlatform 'Android_ETC2'
[2019.10.05-08.00.57:072][  0]LogTemp: Display: Module 'AndroidTargetPlatform' loaded TargetPlatform 'Android_PVRTC'
[2019.10.05-08.00.57:072][  0]LogTemp: Display: Module 'AndroidTargetPlatform' loaded TargetPlatform 'AndroidClient'
[2019.10.05-08.00.57:072][  0]LogTemp: Display: Module 'AndroidTargetPlatform' loaded TargetPlatform 'Android_ASTCClient'
[2019.10.05-08.00.57:073][  0]LogTemp: Display: Module 'AndroidTargetPlatform' loaded TargetPlatform 'Android_ATCClient'
[2019.10.05-08.00.57:073][  0]LogTemp: Display: Module 'AndroidTargetPlatform' loaded TargetPlatform 'Android_DXTClient'
[2019.10.05-08.00.57:073][  0]LogTemp: Display: Module 'AndroidTargetPlatform' loaded TargetPlatform 'Android_ETC1Client'
[2019.10.05-08.00.57:073][  0]LogTemp: Display: Module 'AndroidTargetPlatform' loaded TargetPlatform 'Android_ETC1aClient'
[2019.10.05-08.00.57:073][  0]LogTemp: Display: Module 'AndroidTargetPlatform' loaded TargetPlatform 'Android_ETC2Client'
[2019.10.05-08.00.57:073][  0]LogTemp: Display: Module 'AndroidTargetPlatform' loaded TargetPlatform 'Android_PVRTCClient'
[2019.10.05-08.00.57:073][  0]LogTemp: Display: Module 'AndroidTargetPlatform' loaded TargetPlatform 'Android_Multi'
[2019.10.05-08.00.57:073][  0]LogTemp: Display: Module 'AndroidTargetPlatform' loaded TargetPlatform 'Android_MultiClient'
[2019.10.05-08.00.57:090][  0]LogTemp: Display: Module 'HTML5TargetPlatform' loaded TargetPlatform 'HTML5'
[2019.10.05-08.00.57:183][  0]LogTemp: Display: Module 'IOSTargetPlatform' loaded TargetPlatform 'IOSClient'
[2019.10.05-08.00.57:183][  0]LogTemp: Display: Module 'IOSTargetPlatform' loaded TargetPlatform 'IOS'
[2019.10.05-08.00.57:229][  0]LogTemp: Display: Module 'TVOSTargetPlatform' loaded TargetPlatform 'TVOSClient'
[2019.10.05-08.00.57:229][  0]LogTemp: Display: Module 'TVOSTargetPlatform' loaded TargetPlatform 'TVOS'
[2019.10.05-08.00.57:256][  0]LogTemp: Display: Module 'LinuxClientTargetPlatform' loaded TargetPlatform 'LinuxClient'
[2019.10.05-08.00.57:280][  0]LogTemp: Display: Module 'LinuxNoEditorTargetPlatform' loaded TargetPlatform 'LinuxNoEditor'
[2019.10.05-08.00.57:309][  0]LogTemp: Display: Module 'LinuxServerTargetPlatform' loaded TargetPlatform 'LinuxServer'
[2019.10.05-08.00.57:360][  0]LogTemp: Display: Module 'LinuxTargetPlatform' loaded TargetPlatform 'Linux'
[2019.10.05-08.00.57:445][  0]LogTemp: Display: Module 'LuminTargetPlatform' loaded TargetPlatform 'Lumin'
[2019.10.05-08.00.57:445][  0]LogTemp: Display: Module 'LuminTargetPlatform' loaded TargetPlatform 'LuminClient'
[2019.10.05-08.00.57:445][  0]LogTargetPlatformManager: Display: Building Assets For Windows
[2019.10.05-08.00.57:580][  0]LogAudioDebug: Display: Lib vorbis DLL was dynamically loaded.
[2019.10.05-08.00.57:911][  0]LogShaderCompilers: Guid format shader working directory is -6 characters bigger than the processId version (../../../../../../Study/4 Курс/7 семестр/АКГ/MyProject/Intermediate/Shaders/WorkingDirectory/7340/).
[2019.10.05-08.00.57:911][  0]LogShaderCompilers: Cleaned the shader compiler working directory 'C:/Users/Maska_O/AppData/Local/Temp/UnrealShaderWorkingDir/4D3DA2C34C6F2849C4AC5CA7F3715CE8/'.
[2019.10.05-08.00.57:921][  0]LogXGEController: Cleaning working directory: C:/Users/Maska_O/AppData/Local/Temp/UnrealXGEWorkingDir/
[2019.10.05-08.00.57:922][  0]LogXGEController: Cannot use XGE Controller as Incredibuild is not installed on this machine.
[2019.10.05-08.00.57:923][  0]LogShaderCompilers: Cannot use XGE Shader Compiler as Incredibuild is not installed on this machine.
[2019.10.05-08.00.57:923][  0]LogShaderCompilers: Display: Using Local Shader Compiler.
[2019.10.05-08.01.05:987][  0]LogDerivedDataCache: Display: Max Cache Size: 512 MB
[2019.10.05-08.01.06:386][  0]LogDerivedDataCache: Loaded boot cache 0.40s 73MB C:/Users/Maska_O/AppData/Local/UnrealEngine/4.23/DerivedDataCache/Boot.ddc.
[2019.10.05-08.01.06:386][  0]LogDerivedDataCache: Display: Loaded Boot cache: C:/Users/Maska_O/AppData/Local/UnrealEngine/4.23/DerivedDataCache/Boot.ddc
[2019.10.05-08.01.06:387][  0]LogDerivedDataCache: FDerivedDataBackendGraph:  Pak pak cache file ../../../../../../Study/4 Курс/7 семестр/АКГ/MyProject/DerivedDataCache/DDC.ddp not found, will not use a pak cache.
[2019.10.05-08.01.06:387][  0]LogDerivedDataCache: Unable to find inner node Pak for hierarchical cache Hierarchy.
[2019.10.05-08.01.06:387][  0]LogDerivedDataCache: FDerivedDataBackendGraph:  CompressedPak pak cache file ../../../../../../Study/4 Курс/7 семестр/АКГ/MyProject/DerivedDataCache/Compressed.ddp not found, will not use a pak cache.
[2019.10.05-08.01.06:387][  0]LogDerivedDataCache: Unable to find inner node CompressedPak for hierarchical cache Hierarchy.
[2019.10.05-08.01.06:430][  0]LogDerivedDataCache: Display: Pak cache opened for reading ../../../Engine/DerivedDataCache/Compressed.ddp.
[2019.10.05-08.01.06:430][  0]LogDerivedDataCache: FDerivedDataBackendGraph:  EnterprisePak pak cache file ../../../Enterprise/DerivedDataCache/Compressed.ddp not found, will not use a pak cache.
[2019.10.05-08.01.06:430][  0]LogDerivedDataCache: Unable to find inner node EnterprisePak for hierarchical cache Hierarchy.
[2019.10.05-08.01.06:435][  0]LogDerivedDataCache: Using Local data cache path C:/Users/Maska_O/AppData/Local/UnrealEngine/Common/DerivedDataCache: Writable
[2019.10.05-08.01.06:435][  0]LogDerivedDataCache: Shared data cache path not found in *engine.ini, will not use an Shared cache.
[2019.10.05-08.01.06:435][  0]LogDerivedDataCache: Unable to find inner node Shared for hierarchical cache Hierarchy.
[2019.10.05-08.01.06:495][  0]LogMaterial: Verifying Global Shaders for PCD3D_SM5
[2019.10.05-08.01.06:510][  0]LogSlate: Using FreeType 2.6.0
[2019.10.05-08.01.06:543][  0]LogSlate: SlateFontServices - WITH_FREETYPE: 1, WITH_HARFBUZZ: 1
[2019.10.05-08.01.07:308][  0]LogAssetRegistry: FAssetRegistry took 0.0123 seconds to start up
[2019.10.05-08.01.08:653][  0]LogInit: Selected Device Profile: [Windows]
[2019.10.05-08.01.09:559][  0]LogMeshReduction: Using QuadricMeshReduction for automatic static mesh reduction
[2019.10.05-08.01.09:559][  0]LogMeshReduction: Using SimplygonMeshReduction for automatic skeletal mesh reduction
[2019.10.05-08.01.09:559][  0]LogMeshReduction: Using ProxyLODMeshReduction for automatic mesh merging
[2019.10.05-08.01.09:559][  0]LogMeshReduction: No distributed automatic mesh merging module available
[2019.10.05-08.01.09:561][  0]LogMeshMerging: No distributed automatic mesh merging module available
[2019.10.05-08.01.09:729][  0]LogNetVersion: MyProject 1.0.0, NetCL: 8386587, EngineNetVer: 11, GameNetVer: 0 (Checksum: 2896792207)
[2019.10.05-08.01.14:278][  0]LogPackageLocalizationCache: Processed 12 localized package path(s) for 1 prioritized culture(s) in 0.294377 seconds
[2019.10.05-08.01.14:308][  0]LogUObjectArray: 43444 objects as part of root set at end of initial load.
[2019.10.05-08.01.14:308][  0]LogUObjectAllocator: 7548648 out of 0 bytes used by permanent object pool.
[2019.10.05-08.01.14:309][  0]LogUObjectArray: CloseDisregardForGC: 0/0 objects in disregard for GC pool
[2019.10.05-08.01.27:164][  0]LogTcpMessaging: Initializing TcpMessaging bridge
[2019.10.05-08.01.27:188][  0]LogUdpMessaging: Initializing bridge on interface 0.0.0.0:0 to multicast group 230.0.0.1:6666.
[2019.10.05-08.01.27:620][  0]SourceControl: Source control is disabled
[2019.10.05-08.01.27:621][  0]SourceControl: Source control is disabled
[2019.10.05-08.01.27:646][  0]SourceControl: Source control is disabled
[2019.10.05-08.01.27:656][  0]SourceControl: Source control is disabled
[2019.10.05-08.01.28:404][  0]LogAndroidPermission: UAndroidPermissionCallbackProxy::GetInstance
[2019.10.05-08.01.29:165][  0]LogOcInput: OculusInput pre-init called
[2019.10.05-08.01.29:214][  0]LogWindows: Failed to load 'OVRPlugin.dll' (GetLastError=126)
[2019.10.05-08.01.29:215][  0]LogWindows: File 'OVRPlugin.dll' does not exist
[2019.10.05-08.01.29:631][  0]LogEngine: Initializing Engine...
[2019.10.05-08.01.29:640][  0]LogHMD: Failed to initialize OpenVR with code 110
[2019.10.05-08.01.29:650][  0]LogStats: UGameplayTagsManager::InitializeManager -  0.004 s
[2019.10.05-08.01.30:424][  0]LogInit: Initializing FReadOnlyCVARCache
[2019.10.05-08.01.30:572][  0]LogAIModule: Creating AISystem for world Untitled
[2019.10.05-08.01.30:645][  0]LogInit: XAudio2 using 'Динамики (Realtek High Definition Audio)' : 2 channels at 48 kHz using 32 bits per sample (channel mask 0x3)
[2019.10.05-08.01.31:080][  0]LogInit: FAudioDevice initialized.
[2019.10.05-08.01.31:082][  0]LogNetVersion: Set ProjectVersion to 1.0.0.0. Version Checksum will be recalculated on next use.
[2019.10.05-08.01.33:070][  0]LogDerivedDataCache: Saved boot cache 1.99s 73MB C:/Users/Maska_O/AppData/Local/UnrealEngine/4.23/DerivedDataCache/Boot.ddc.
[2019.10.05-08.01.33:087][  0]LogInit: Texture streaming: Enabled
[2019.10.05-08.01.33:169][  0]LogEngineSessionManager: EngineSessionManager initialized
[2019.10.05-08.01.33:503][  0]LogInit: Transaction tracking system initialized
[2019.10.05-08.01.33:746][  0]BlueprintLog: New page: Editor Load
[2019.10.05-08.01.34:551][  0]LocalizationService: Localization service is disabled
[2019.10.05-08.01.35:738][  0]LogCook: Display: Max memory allowance for cook 16384mb min free memory 0mb
[2019.10.05-08.01.35:742][  0]LogCook: Display: Mobile HDR setting 1
[2019.10.05-08.01.35:980][  0]LogFileCache: Scanning file cache for directory 'C:/Study/4 Курс/7 семестр/АКГ/MyProject/Content/' took 0.07s
[2019.10.05-08.01.37:027][  0]SourceControl: Source control is disabled
[2019.10.05-08.01.37:031][  0]Cmd: MAP LOAD FILE="../../../../../../Study/4 Курс/7 семестр/АКГ/MyProject/Content/2DSideScrollerBP/Maps/Map01.umap" TEMPLATE=0 SHOWPROGRESS=1 FEATURELEVEL=3
[2019.10.05-08.01.37:047][  0]LightingResults: New page: Lighting Build
[2019.10.05-08.01.37:083][  0]LogWorld: UWorld::CleanupWorld for Untitled, bSessionEnded=true, bCleanupResources=true
[2019.10.05-08.01.37:097][  0]MapCheck: New page: Map Check
[2019.10.05-08.01.37:097][  0]LightingResults: New page: Lighting Build
[2019.10.05-08.01.37:258][  0]LogUObjectHash: Compacting FUObjectHashTables data took   5.43ms
[2019.10.05-08.01.37:498][  0]LogLinker: Warning: While loading '../../../../../../Study/4 Курс/7 семестр/АКГ/MyProject/Content/sprites/rr_stand_01_Sprite.uasset' failed to load '/Game/tech/spritemat_simple_inst': Can't find file.
[2019.10.05-08.01.37:498][  0]LoadErrors: Failed to load /Game/Sprites/rr_stand.rr_stand Referenced by Sprite0
[2019.10.05-08.01.37:499][  0]LogLinker: Warning: While loading '../../../../../../Study/4 Курс/7 семестр/АКГ/MyProject/Content/sprites/rr_stand_01_Sprite.uasset' failed to load '/Game/tech/spritemat_simple_inst': Can't find file.
[2019.10.05-08.01.37:499][  0]LoadErrors: Failed to load /Game/Sprites/rr_stand.rr_stand Referenced by Sprite0
[2019.10.05-08.01.37:510][  0]LogLinker: Warning: While loading '../../../../../../Study/4 Курс/7 семестр/АКГ/MyProject/Content/sprites/rr_stand_01_Sprite.uasset' failed to load '/Game/tech/spritemat_simple_inst': Can't find file.
[2019.10.05-08.01.37:510][  0]LoadErrors: Failed to load /Game/Sprites/rr_stand.rr_stand Referenced by Sprite0
[2019.10.05-08.01.37:511][  0]LogLinker: Warning: While loading '../../../../../../Study/4 Курс/7 семестр/АКГ/MyProject/Content/sprites/rr_stand_01_Sprite.uasset' failed to load '/Game/tech/spritemat_simple_inst': Can't find file.
[2019.10.05-08.01.37:511][  0]LoadErrors: Failed to load /Game/Sprites/rr_stand.rr_stand Referenced by Sprite0
[2019.10.05-08.01.37:522][  0]LogLinker: Warning: While loading '../../../../../../Study/4 Курс/7 семестр/АКГ/MyProject/Content/sprites/rr_stand_02_Sprite.uasset' failed to load '/Game/tech/spritemat_simple_inst': Can't find file.
[2019.10.05-08.01.37:522][  0]LoadErrors: Failed to load /Game/Sprites/rr_stand.rr_stand Referenced by Sprite0
[2019.10.05-08.01.37:523][  0]LogLinker: Warning: While loading '../../../../../../Study/4 Курс/7 семестр/АКГ/MyProject/Content/sprites/rr_stand_02_Sprite.uasset' failed to load '/Game/tech/spritemat_simple_inst': Can't find file.
[2019.10.05-08.01.37:523][  0]LoadErrors: Failed to load /Game/Sprites/rr_stand.rr_stand Referenced by Sprite0
[2019.10.05-08.01.37:536][  0]LogLinker: Warning: While loading '../../../../../../Study/4 Курс/7 семестр/АКГ/MyProject/Content/sprites/rr_stand_02_Sprite.uasset' failed to load '/Game/tech/spritemat_simple_inst': Can't find file.
[2019.10.05-08.01.37:536][  0]LoadErrors: Failed to load /Game/Sprites/rr_stand.rr_stand Referenced by Sprite0
[2019.10.05-08.01.37:536][  0]LogLinker: Warning: While loading '../../../../../../Study/4 Курс/7 семестр/АКГ/MyProject/Content/sprites/rr_stand_02_Sprite.uasset' failed to load '/Game/tech/spritemat_simple_inst': Can't find file.
[2019.10.05-08.01.37:536][  0]LoadErrors: Failed to load /Game/Sprites/rr_stand.rr_stand Referenced by Sprite0
[2019.10.05-08.01.37:718][  0]LogLinker: Warning: While loading '../../../../../../Study/4 Курс/7 семестр/АКГ/MyProject/Content/sprites/rr_walk_01_Sprite.uasset' failed to load '/Game/tech/spritemat_simple_inst': Can't find file.
[2019.10.05-08.01.37:719][  0]LogLinker: Warning: While loading '../../../../../../Study/4 Курс/7 семестр/АКГ/MyProject/Content/sprites/rr_walk_01_Sprite.uasset' failed to load '/Game/tech/spritemat_simple_inst': Can't find file.
[2019.10.05-08.01.37:734][  0]LogLinker: Warning: While loading '../../../../../../Study/4 Курс/7 семестр/АКГ/MyProject/Content/sprites/rr_walk_01_Sprite.uasset' failed to load '/Game/tech/spritemat_simple_inst': Can't find file.
[2019.10.05-08.01.37:735][  0]LogLinker: Warning: While loading '../../../../../../Study/4 Курс/7 семестр/АКГ/MyProject/Content/sprites/rr_walk_01_Sprite.uasset' failed to load '/Game/tech/spritemat_simple_inst': Can't find file.
[2019.10.05-08.01.37:748][  0]LogLinker: Warning: While loading '../../../../../../Study/4 Курс/7 семестр/АКГ/MyProject/Content/sprites/rr_walk_02_Sprite.uasset' failed to load '/Game/tech/spritemat_simple_inst': Can't find file.
[2019.10.05-08.01.37:749][  0]LogLinker: Warning: While loading '../../../../../../Study/4 Курс/7 семестр/АКГ/MyProject/Content/sprites/rr_walk_02_Sprite.uasset' failed to load '/Game/tech/spritemat_simple_inst': Can't find file.
[2019.10.05-08.01.37:763][  0]LogLinker: Warning: While loading '../../../../../../Study/4 Курс/7 семестр/АКГ/MyProject/Content/sprites/rr_walk_02_Sprite.uasset' failed to load '/Game/tech/spritemat_simple_inst': Can't find file.
[2019.10.05-08.01.37:763][  0]LogLinker: Warning: While loading '../../../../../../Study/4 Курс/7 семестр/АКГ/MyProject/Content/sprites/rr_walk_02_Sprite.uasset' failed to load '/Game/tech/spritemat_simple_inst': Can't find file.
[2019.10.05-08.01.38:033][  0]LogLinker: Warning: While loading '../../../../../../Study/4 Курс/7 семестр/АКГ/MyProject/Content/sprites/rr_walk_01_Sprite.uasset' failed to load '/Game/tech/spritemat_simple_inst': Can't find file.
[2019.10.05-08.01.38:033][  0]LoadErrors: Failed to load /Game/tech/spritemat_simple_inst.spritemat_simple_inst Referenced by rr_walk_01_Sprite
[2019.10.05-08.01.38:033][  0]LogLinker: Warning: While loading '../../../../../../Study/4 Курс/7 семестр/АКГ/MyProject/Content/sprites/rr_walk_01_Sprite.uasset' failed to load '/Game/tech/spritemat_simple_inst': Can't find file.
[2019.10.05-08.01.38:033][  0]LoadErrors: Failed to load /Game/tech/spritemat_simple_inst.spritemat_simple_inst Referenced by rr_walk_01_Sprite
[2019.10.05-08.01.38:037][  0]LogLinker: Warning: While loading '../../../../../../Study/4 Курс/7 семестр/АКГ/MyProject/Content/sprites/rr_walk_02_Sprite.uasset' failed to load '/Game/tech/spritemat_simple_inst': Can't find file.
[2019.10.05-08.01.38:037][  0]LoadErrors: Failed to load /Game/tech/spritemat_simple_inst.spritemat_simple_inst Referenced by rr_walk_02_Sprite
[2019.10.05-08.01.38:038][  0]LogLinker: Warning: While loading '../../../../../../Study/4 Курс/7 семестр/АКГ/MyProject/Content/sprites/rr_walk_02_Sprite.uasset' failed to load '/Game/tech/spritemat_simple_inst': Can't find file.
[2019.10.05-08.01.38:038][  0]LoadErrors: Failed to load /Game/tech/spritemat_simple_inst.spritemat_simple_inst Referenced by rr_walk_02_Sprite
[2019.10.05-08.01.38:042][  0]LogLinker: Warning: While loading '../../../../../../Study/4 Курс/7 семестр/АКГ/MyProject/Content/sprites/rr_stand_02_Sprite.uasset' failed to load '/Game/tech/spritemat_simple_inst': Can't find file.
[2019.10.05-08.01.38:042][  0]LoadErrors: Failed to load /Game/tech/spritemat_simple_inst.spritemat_simple_inst Referenced by rr_stand_02_Sprite
[2019.10.05-08.01.38:043][  0]LogLinker: Warning: While loading '../../../../../../Study/4 Курс/7 семестр/АКГ/MyProject/Content/sprites/rr_stand_02_Sprite.uasset' failed to load '/Game/tech/spritemat_simple_inst': Can't find file.
[2019.10.05-08.01.38:043][  0]LoadErrors: Failed to load /Game/tech/spritemat_simple_inst.spritemat_simple_inst Referenced by rr_stand_02_Sprite
[2019.10.05-08.01.38:045][  0]LogLinker: Warning: While loading '../../../../../../Study/4 Курс/7 семестр/АКГ/MyProject/Content/sprites/rr_stand_01_Sprite.uasset' failed to load '/Game/tech/spritemat_simple_inst': Can't find file.
[2019.10.05-08.01.38:045][  0]LoadErrors: Failed to load /Game/tech/spritemat_simple_inst.spritemat_simple_inst Referenced by rr_stand_01_Sprite
[2019.10.05-08.01.38:045][  0]LogLinker: Warning: While loading '../../../../../../Study/4 Курс/7 семестр/АКГ/MyProject/Content/sprites/rr_stand_01_Sprite.uasset' failed to load '/Game/tech/spritemat_simple_inst': Can't find file.
[2019.10.05-08.01.38:045][  0]LoadErrors: Failed to load /Game/tech/spritemat_simple_inst.spritemat_simple_inst Referenced by rr_stand_01_Sprite
[2019.10.05-08.01.38:136][  0]LogAIModule: Creating AISystem for world Map01
[2019.10.05-08.01.38:212][  0]LogEditorServer: Finished looking for orphan Actors (0.000 secs)
[2019.10.05-08.01.38:321][  0]LogUObjectHash: Compacting FUObjectHashTables data took   7.52ms
[2019.10.05-08.01.38:323][  0]Cmd: MAP CHECKDEP NOCLEARLOG
[2019.10.05-08.01.38:325][  0]MapCheck: Map check complete: 0 Error(s), 0 Warning(s), took 1,137ms to complete.
[2019.10.05-08.01.38:325][  0]LogFileHelpers: Loading map 'Map01' took 1.295
[2019.10.05-08.01.38:956][  0]LogSlate: Updating window title bar state: overlay mode, drag disabled, window buttons hidden, title bar hidden
[2019.10.05-08.01.38:981][  0]LogSlate: Updating window title bar state: overlay mode, drag disabled, window buttons hidden, title bar hidden
[2019.10.05-08.01.39:005][  0]LogSlate: Updating window title bar state: overlay mode, drag disabled, window buttons hidden, title bar hidden
[2019.10.05-08.01.39:034][  0]LogSlate: Updating window title bar state: overlay mode, drag disabled, window buttons hidden, title bar hidden
[2019.10.05-08.01.39:118][  0]LogCollectionManager: Loaded 0 collections in 0.007005 seconds
[2019.10.05-08.01.39:320][  0]LogFileCache: Scanning file cache for directory 'C:/Study/4 Курс/7 семестр/АКГ/MyProject/Saved/Collections/' took 0.01s
[2019.10.05-08.01.39:320][  0]LogFileCache: Scanning file cache for directory 'C:/Study/4 Курс/7 семестр/АКГ/MyProject/Content/Developers/MaskaO/Collections/' took 0.01s
[2019.10.05-08.01.39:320][  0]LogFileCache: Scanning file cache for directory 'C:/Study/4 Курс/7 семестр/АКГ/MyProject/Content/Collections/' took 0.01s
[2019.10.05-08.01.39:320][  0]LogCollectionManager: Rebuilt the GUID cache for 0 collections in 0.000252 seconds
[2019.10.05-08.01.39:412][  0]LogContentBrowser: Native class hierarchy populated in 0.0839 seconds. Added 2863 classes and 680 folders.
[2019.10.05-08.01.39:486][  0]LogContentBrowser: Native class hierarchy updated for 'WidgetCarousel' in 0.0011 seconds. Added 0 classes and 0 folders.
[2019.10.05-08.01.41:186][  0]LogContentBrowser: Native class hierarchy updated for 'AddContentDialog' in 0.0014 seconds. Added 0 classes and 0 folders.
[2019.10.05-08.01.41:259][  0]LogContentBrowser: Native class hierarchy updated for 'SceneOutliner' in 0.0016 seconds. Added 1 classes and 2 folders.
[2019.10.05-08.01.41:911][  0]LogSlate: Took 0.022694 seconds to synchronously load lazily loaded font '../../../Engine/Content/Slate/Fonts/Roboto-Regular.ttf' (155K)
[2019.10.05-08.01.41:958][  0]LogSlate: Took 0.025869 seconds to synchronously load lazily loaded font '../../../Engine/Content/Slate/Fonts/Roboto-Bold.ttf' (160K)
[2019.10.05-08.01.42:019][  0]LogSlate: Took 0.029951 seconds to synchronously load lazily loaded font '../../../Engine/Content/Editor/Slate/Fonts/FontAwesome.ttf' (139K)
[2019.10.05-08.01.42:432][  0]LogRenderer: Reallocating scene render targets to support 856x372 Format 10 NumSamples 1 (Frame:1).
[2019.10.05-08.01.44:266][  0]LogContentBrowser: Native class hierarchy updated for 'HierarchicalLODOutliner' in 0.0006 seconds. Added 0 classes and 0 folders.
[2019.10.05-08.01.44:266][  0]LogLoad: (Engine Initialization) Total time: 72.77 seconds
[2019.10.05-08.01.44:266][  0]LogLoad: (Engine Initialization) Total Blueprint compile time: 0.00 seconds
[2019.10.05-08.01.44:419][  0]LogContentStreaming: Texture pool size now 1000 MB
[2019.10.05-08.01.44:438][  0]LogSlate: FSceneViewport::OnFocusLost() reason 5
[2019.10.05-08.01.44:583][  0]LogSlate: Took 0.015191 seconds to synchronously load lazily loaded font '../../../Engine/Content/Slate/Fonts/Roboto-Light.ttf' (167K)
[2019.10.05-08.01.44:661][  1]LogFileCache: Retrieving MD5 hashes for directory 'C:/Study/4 Курс/7 семестр/АКГ/MyProject/Content/' took 0.35s
[2019.10.05-08.01.45:404][ 16]LogSlate: Took 0.000444 seconds to synchronously load lazily loaded font '../../../Engine/Content/Slate/Fonts/Roboto-Light.ttf' (167K)
[2019.10.05-08.01.56:893][415]LogAssetRegistry: Asset discovery search completed in 49.5891 seconds
[2019.10.05-08.01.56:908][415]LogCollectionManager: Rebuilt the object cache for 0 collections in 0.000925 seconds (found 0 objects)
[2019.10.05-08.01.56:909][415]LogCollectionManager: Fixed up redirectors for 0 collections in 0.001106 seconds (updated 0 objects)
[2019.10.05-08.01.59:177][479]LogSlate: Window 'Message Log' being destroyed
[2019.10.05-08.01.59:191][479]LogSlate: Window 'Message Log' being destroyed
[2019.10.05-08.02.01:510][591]LogSlate: FSceneViewport::OnFocusLost() reason 0
[2019.10.05-08.02.01:591][597]LogTemp: Repeating last play command: Selected Viewport
[2019.10.05-08.02.01:641][597]LogBlueprintUserMessages: Early PlayInEditor Detection: Level '/Game/2DSideScrollerBP/Maps/Map01.Map01:PersistentLevel' has LevelScriptBlueprint '/Game/2DSideScrollerBP/Maps/Map01.Map01:PersistentLevel.Map01' with GeneratedClass '/Game/2DSideScrollerBP/Maps/Map01.Map01_C' with ClassGeneratedBy '/Game/2DSideScrollerBP/Maps/Map01.Map01:PersistentLevel.Map01'
[2019.10.05-08.02.01:644][597]LogPlayLevel: PlayLevel: No blueprints needed recompiling
[2019.10.05-08.02.01:651][597]PIE: New page: PIE session: Map01 (5 окт. 2019 г., 14:02:01)
[2019.10.05-08.02.01:659][597]LogOnline: OSS: Creating online subsystem instance for: NULL
[2019.10.05-08.02.01:664][597]LogPlayLevel: Creating play world package: /Game/2DSideScrollerBP/Maps/UEDPIE_0_Map01
[2019.10.05-08.02.01:669][597]LogPlayLevel: PIE: StaticDuplicateObject took: (0.005311s)
[2019.10.05-08.02.01:672][597]LogAIModule: Creating AISystem for world Map01
[2019.10.05-08.02.01:673][597]LogPlayLevel: PIE: World Init took: (0.004206s)
[2019.10.05-08.02.01:674][597]LogPlayLevel: PIE: Created PIE world by copying editor world from /Game/2DSideScrollerBP/Maps/Map01.Map01 to /Game/2DSideScrollerBP/Maps/UEDPIE_0_Map01.Map01 (0.010567s)
[2019.10.05-08.02.01:758][597]LogUObjectHash: Compacting FUObjectHashTables data took   3.70ms
[2019.10.05-08.02.01:772][597]LogInit: XAudio2 using 'Динамики (Realtek High Definition Audio)' : 2 channels at 48 kHz using 32 bits per sample (channel mask 0x3)
[2019.10.05-08.02.01:808][597]LogInit: FAudioDevice initialized.
[2019.10.05-08.02.01:831][597]LogLoad: Game class is '2DSideScrollerGameMode_C'
[2019.10.05-08.02.01:846][597]LogWorld: Bringing World /Game/2DSideScrollerBP/Maps/UEDPIE_0_Map01.Map01 up for play (max tick rate 0) at 2019.10.05-11.02.01
[2019.10.05-08.02.01:854][597]LogWorld: Bringing up level for play took: 0.009189
[2019.10.05-08.02.01:856][597]LogOnline: OSS: Creating online subsystem instance for: :Context_1
[2019.10.05-08.02.01:893][597]LogContentBrowser: Native class hierarchy updated for 'MovieSceneCapture' in 0.0006 seconds. Added 20 classes and 0 folders.
[2019.10.05-08.02.01:904][597]PIE: Play in editor start time for /Game/2DSideScrollerBP/Maps/UEDPIE_0_Map01 -0,087
[2019.10.05-08.02.01:905][597]LogBlueprintUserMessages: Late PlayInEditor Detection: Level '/Game/2DSideScrollerBP/Maps/Map01.Map01:PersistentLevel' has LevelScriptBlueprint '/Game/2DSideScrollerBP/Maps/Map01.Map01:PersistentLevel.Map01' with GeneratedClass '/Game/2DSideScrollerBP/Maps/Map01.Map01_C' with ClassGeneratedBy '/Game/2DSideScrollerBP/Maps/Map01.Map01:PersistentLevel.Map01'
[2019.10.05-08.02.30:573][227]LogBlueprintUserMessages: [2DSideScrollerCharacter_C_0] YOU DIED
[2019.10.05-08.02.32:575][347]LogNet: Browse: /Game/2DSideScrollerBP/Maps/Map01
[2019.10.05-08.02.32:576][347]LogLoad: LoadMap: /Game/2DSideScrollerBP/Maps/Map01
[2019.10.05-08.02.32:576][347]LogWorld: BeginTearingDown for /Game/2DSideScrollerBP/Maps/UEDPIE_0_Map01
[2019.10.05-08.02.32:579][347]LogWorld: UWorld::CleanupWorld for Map01, bSessionEnded=true, bCleanupResources=true
[2019.10.05-08.02.32:696][347]LogUObjectHash: Compacting FUObjectHashTables data took   4.71ms
[2019.10.05-08.02.32:697][347]LogPlayLevel: Creating play world package: /Game/2DSideScrollerBP/Maps/UEDPIE_0_Map01
[2019.10.05-08.02.32:701][347]LogPlayLevel: PIE: StaticDuplicateObject took: (0.003444s)
[2019.10.05-08.02.32:703][347]LogAIModule: Creating AISystem for world Map01
[2019.10.05-08.02.32:704][347]LogPlayLevel: PIE: World Init took: (0.002681s)
[2019.10.05-08.02.32:704][347]LogPlayLevel: PIE: Created PIE world by copying editor world from /Game/2DSideScrollerBP/Maps/Map01.Map01 to /Game/2DSideScrollerBP/Maps/UEDPIE_0_Map01.Map01 (0.006474s)
[2019.10.05-08.02.32:704][347]LogLoad: Game class is '2DSideScrollerGameMode_C'
[2019.10.05-08.02.32:707][347]LogWorld: Bringing World /Game/2DSideScrollerBP/Maps/UEDPIE_0_Map01.Map01 up for play (max tick rate 0) at 2019.10.05-11.02.32
[2019.10.05-08.02.32:707][347]LogWorld: Bringing up level for play took: 0.002084
[2019.10.05-08.02.32:711][347]LogLoad: Took 0.134247 seconds to LoadMap(/Game/2DSideScrollerBP/Maps/UEDPIE_0_Map01)
[2019.10.05-08.02.35:242][496]LogBlueprintUserMessages: Early EndPlayMap Detection: Level '/Game/2DSideScrollerBP/Maps/Map01.Map01:PersistentLevel' has LevelScriptBlueprint '/Game/2DSideScrollerBP/Maps/Map01.Map01:PersistentLevel.Map01' with GeneratedClass '/Game/2DSideScrollerBP/Maps/Map01.Map01_C' with ClassGeneratedBy '/Game/2DSideScrollerBP/Maps/Map01.Map01:PersistentLevel.Map01'
[2019.10.05-08.02.35:244][496]LogSlate: Updating window title bar state: overlay mode, drag disabled, window buttons hidden, title bar hidden
[2019.10.05-08.02.35:245][496]LogWorld: BeginTearingDown for /Game/2DSideScrollerBP/Maps/UEDPIE_0_Map01
[2019.10.05-08.02.35:245][496]LogWorld: UWorld::CleanupWorld for Map01, bSessionEnded=true, bCleanupResources=true
[2019.10.05-08.02.35:287][496]LogPlayLevel: Display: Shutting down PIE online subsystems
[2019.10.05-08.02.35:287][496]LogBlueprintUserMessages: Late EndPlayMap Detection: Level '/Game/2DSideScrollerBP/Maps/Map01.Map01:PersistentLevel' has LevelScriptBlueprint '/Game/2DSideScrollerBP/Maps/Map01.Map01:PersistentLevel.Map01' with GeneratedClass '/Game/2DSideScrollerBP/Maps/Map01.Map01_C' with ClassGeneratedBy '/Game/2DSideScrollerBP/Maps/Map01.Map01:PersistentLevel.Map01'
[2019.10.05-08.02.35:388][496]LogSlate: Updating window title bar state: overlay mode, drag disabled, window buttons hidden, title bar hidden
[2019.10.05-08.02.35:394][496]LogUObjectHash: Compacting FUObjectHashTables data took   3.60ms
[2019.10.05-08.02.35:428][497]LogPlayLevel: Display: Destroying online subsystem :Context_1
[2019.10.05-08.02.54:175][384]LogSlate: FSceneViewport::OnFocusLost() reason 0
[2019.10.05-08.02.54:369][391]LogAssetEditorManager: Opening Asset editor for Blueprint /Game/2DSideScrollerBP/Blueprints/Background.Background
[2019.10.05-08.02.55:109][391]LogContentBrowser: Native class hierarchy updated for 'BlueprintGraph' in 0.0013 seconds. Added 121 classes and 0 folders.
[2019.10.05-08.02.57:106][391]LogSlate: Took 0.014562 seconds to synchronously load lazily loaded font '../../../Engine/Content/Slate/Fonts/Roboto-BoldCondensed.ttf' (158K)
[2019.10.05-08.02.57:332][392]LogSlate: Took 0.020256 seconds to synchronously load lazily loaded font '../../../Engine/Content/Slate/Fonts/Roboto-Italic.ttf' (157K)
[2019.10.05-08.03.05:894][691]LogD3D11RHI: Error: agsDriverExtensionsDX11_SetDepthBounds(1,0.000000, 1.000000) returned error code 6. **********PLEASE UPDATE YOUR VIDEO DRIVERS*********
[2019.10.05-08.03.18:189][916]BlueprintLog: New page: Compile Background
[2019.10.05-08.03.18:670][916]LogUObjectHash: Compacting FUObjectHashTables data took  11.03ms
[2019.10.05-08.03.19:875][953]Cmd: OBJ SAVEPACKAGE PACKAGE="/Game/2DSideScrollerBP/Blueprints/Background" FILE="../../../../../../Study/4 Курс/7 семестр/АКГ/MyProject/Content/2DSideScrollerBP/Blueprints/Background.uasset" SILENT=true
[2019.10.05-08.03.19:974][953]LogSavePackage: Moving '../../../../../../Study/4 Курс/7 семестр/АКГ/MyProject/Saved/Background39E4FC144CE66B6EBC4C0BB662BE6406.tmp' to '../../../../../../Study/4 Курс/7 семестр/АКГ/MyProject/Content/2DSideScrollerBP/Blueprints/Background.uasset'
[2019.10.05-08.03.24:014][125]LogSlate: Window 'Background' being destroyed
[2019.10.05-08.03.25:744][216]LogUObjectHash: Compacting FUObjectHashTables data took  10.06ms
[2019.10.05-08.03.26:119][216]LogSavePackage: Moving '../../../../../../Study/4 Курс/7 семестр/АКГ/MyProject/Saved/Map01B21144EC499E83C658FEC7AA65959E34.tmp' to '../../../../../../Study/4 Курс/7 семестр/АКГ/MyProject/Content/2DSideScrollerBP/Maps/Map01.umap'
[2019.10.05-08.03.26:214][216]Cmd: OBJ SAVEPACKAGE PACKAGE="/Game/2DSideScrollerBP/Maps/Map01_BuiltData" FILE="../../../../../../Study/4 Курс/7 семестр/АКГ/MyProject/Content/2DSideScrollerBP/Maps/Map01_BuiltData.uasset" SILENT=true
[2019.10.05-08.03.26:256][216]LogSavePackage: Moving '../../../../../../Study/4 Курс/7 семестр/АКГ/MyProject/Saved/Map01_BuiltData5FEA030145BC3E976CA22F9D2A048AA0.tmp' to '../../../../../../Study/4 Курс/7 семестр/АКГ/MyProject/Content/2DSideScrollerBP/Maps/Map01_BuiltData.uasset'
[2019.10.05-08.03.27:730][281]LogTemp: Repeating last play command: Selected Viewport
[2019.10.05-08.03.27:780][281]LogBlueprintUserMessages: Early PlayInEditor Detection: Level '/Game/2DSideScrollerBP/Maps/Map01.Map01:PersistentLevel' has LevelScriptBlueprint '/Game/2DSideScrollerBP/Maps/Map01.Map01:PersistentLevel.Map01' with GeneratedClass '/Game/2DSideScrollerBP/Maps/Map01.Map01_C' with ClassGeneratedBy '/Game/2DSideScrollerBP/Maps/Map01.Map01:PersistentLevel.Map01'
[2019.10.05-08.03.27:781][281]LogPlayLevel: PlayLevel: No blueprints needed recompiling
[2019.10.05-08.03.27:781][281]PIE: New page: PIE session: Map01 (5 окт. 2019 г., 14:03:27)
[2019.10.05-08.03.27:781][281]LogPlayLevel: Creating play world package: /Game/2DSideScrollerBP/Maps/UEDPIE_0_Map01
[2019.10.05-08.03.27:785][281]LogPlayLevel: PIE: StaticDuplicateObject took: (0.003751s)
[2019.10.05-08.03.27:787][281]LogAIModule: Creating AISystem for world Map01
[2019.10.05-08.03.27:788][281]LogPlayLevel: PIE: World Init took: (0.002669s)
[2019.10.05-08.03.27:788][281]LogPlayLevel: PIE: Created PIE world by copying editor world from /Game/2DSideScrollerBP/Maps/Map01.Map01 to /Game/2DSideScrollerBP/Maps/UEDPIE_0_Map01.Map01 (0.006803s)
[2019.10.05-08.03.27:886][281]LogUObjectHash: Compacting FUObjectHashTables data took   9.65ms
[2019.10.05-08.03.27:895][281]LogInit: XAudio2 using 'Динамики (Realtek High Definition Audio)' : 2 channels at 48 kHz using 32 bits per sample (channel mask 0x3)
[2019.10.05-08.03.27:927][281]LogInit: FAudioDevice initialized.
[2019.10.05-08.03.27:942][281]LogLoad: Game class is '2DSideScrollerGameMode_C'
[2019.10.05-08.03.27:944][281]LogWorld: Bringing World /Game/2DSideScrollerBP/Maps/UEDPIE_0_Map01.Map01 up for play (max tick rate 0) at 2019.10.05-11.03.27
[2019.10.05-08.03.27:945][281]LogWorld: Bringing up level for play took: 0.001300
[2019.10.05-08.03.27:945][281]LogOnline: OSS: Creating online subsystem instance for: :Context_4
[2019.10.05-08.03.27:950][281]PIE: Play in editor start time for /Game/2DSideScrollerBP/Maps/UEDPIE_0_Map01 -0,042
[2019.10.05-08.03.27:950][281]LogBlueprintUserMessages: Late PlayInEditor Detection: Level '/Game/2DSideScrollerBP/Maps/Map01.Map01:PersistentLevel' has LevelScriptBlueprint '/Game/2DSideScrollerBP/Maps/Map01.Map01:PersistentLevel.Map01' with GeneratedClass '/Game/2DSideScrollerBP/Maps/Map01.Map01_C' with ClassGeneratedBy '/Game/2DSideScrollerBP/Maps/Map01.Map01:PersistentLevel.Map01'
[2019.10.05-08.03.33:599][608]LogBlueprintUserMessages: [2DSideScrollerCharacter_C_0] YOU DIED
[2019.10.05-08.03.35:602][726]LogNet: Browse: /Game/2DSideScrollerBP/Maps/Map01
[2019.10.05-08.03.35:602][726]LogLoad: LoadMap: /Game/2DSideScrollerBP/Maps/Map01
[2019.10.05-08.03.35:602][726]LogWorld: BeginTearingDown for /Game/2DSideScrollerBP/Maps/UEDPIE_0_Map01
[2019.10.05-08.03.35:602][726]LogWorld: UWorld::CleanupWorld for Map01, bSessionEnded=true, bCleanupResources=true
[2019.10.05-08.03.35:716][726]LogUObjectHash: Compacting FUObjectHashTables data took   8.36ms
[2019.10.05-08.03.35:717][726]LogPlayLevel: Creating play world package: /Game/2DSideScrollerBP/Maps/UEDPIE_0_Map01
[2019.10.05-08.03.35:720][726]LogPlayLevel: PIE: StaticDuplicateObject took: (0.003320s)
[2019.10.05-08.03.35:722][726]LogAIModule: Creating AISystem for world Map01
[2019.10.05-08.03.35:722][726]LogPlayLevel: PIE: World Init took: (0.001989s)
[2019.10.05-08.03.35:722][726]LogPlayLevel: PIE: Created PIE world by copying editor world from /Game/2DSideScrollerBP/Maps/Map01.Map01 to /Game/2DSideScrollerBP/Maps/UEDPIE_0_Map01.Map01 (0.005707s)
[2019.10.05-08.03.35:722][726]LogLoad: Game class is '2DSideScrollerGameMode_C'
[2019.10.05-08.03.35:724][726]LogWorld: Bringing World /Game/2DSideScrollerBP/Maps/UEDPIE_0_Map01.Map01 up for play (max tick rate 0) at 2019.10.05-11.03.35
[2019.10.05-08.03.35:725][726]LogWorld: Bringing up level for play took: 0.001490
[2019.10.05-08.03.35:728][726]LogLoad: Took 0.126627 seconds to LoadMap(/Game/2DSideScrollerBP/Maps/UEDPIE_0_Map01)
[2019.10.05-08.03.39:690][958]LogBlueprintUserMessages: [2DSideScrollerCharacter_C_0] YOU DIED
[2019.10.05-08.03.41:702][ 78]LogNet: Browse: /Game/2DSideScrollerBP/Maps/Map01
[2019.10.05-08.03.41:702][ 78]LogLoad: LoadMap: /Game/2DSideScrollerBP/Maps/Map01
[2019.10.05-08.03.41:702][ 78]LogWorld: BeginTearingDown for /Game/2DSideScrollerBP/Maps/UEDPIE_0_Map01
[2019.10.05-08.03.41:702][ 78]LogWorld: UWorld::CleanupWorld for Map01, bSessionEnded=true, bCleanupResources=true
[2019.10.05-08.03.41:817][ 78]LogUObjectHash: Compacting FUObjectHashTables data took   6.44ms
[2019.10.05-08.03.41:817][ 78]LogPlayLevel: Creating play world package: /Game/2DSideScrollerBP/Maps/UEDPIE_0_Map01
[2019.10.05-08.03.41:821][ 78]LogPlayLevel: PIE: StaticDuplicateObject took: (0.002985s)
[2019.10.05-08.03.41:822][ 78]LogAIModule: Creating AISystem for world Map01
[2019.10.05-08.03.41:823][ 78]LogPlayLevel: PIE: World Init took: (0.001877s)
[2019.10.05-08.03.41:823][ 78]LogPlayLevel: PIE: Created PIE world by copying editor world from /Game/2DSideScrollerBP/Maps/Map01.Map01 to /Game/2DSideScrollerBP/Maps/UEDPIE_0_Map01.Map01 (0.005100s)
[2019.10.05-08.03.41:823][ 78]LogLoad: Game class is '2DSideScrollerGameMode_C'
[2019.10.05-08.03.41:825][ 78]LogWorld: Bringing World /Game/2DSideScrollerBP/Maps/UEDPIE_0_Map01.Map01 up for play (max tick rate 0) at 2019.10.05-11.03.41
[2019.10.05-08.03.41:826][ 78]LogWorld: Bringing up level for play took: 0.001578
[2019.10.05-08.03.41:829][ 78]LogLoad: Took 0.126887 seconds to LoadMap(/Game/2DSideScrollerBP/Maps/UEDPIE_0_Map01)
[2019.10.05-08.04.16:660][ 71]LogBlueprintUserMessages: [2DSideScrollerCharacter_C_0] YOU DIED
[2019.10.05-08.04.18:665][191]LogNet: Browse: /Game/2DSideScrollerBP/Maps/Map01
[2019.10.05-08.04.18:665][191]LogLoad: LoadMap: /Game/2DSideScrollerBP/Maps/Map01
[2019.10.05-08.04.18:665][191]LogWorld: BeginTearingDown for /Game/2DSideScrollerBP/Maps/UEDPIE_0_Map01
[2019.10.05-08.04.18:666][191]LogWorld: UWorld::CleanupWorld for Map01, bSessionEnded=true, bCleanupResources=true
[2019.10.05-08.04.18:787][191]LogUObjectHash: Compacting FUObjectHashTables data took   7.72ms
[2019.10.05-08.04.18:787][191]LogPlayLevel: Creating play world package: /Game/2DSideScrollerBP/Maps/UEDPIE_0_Map01
[2019.10.05-08.04.18:791][191]LogPlayLevel: PIE: StaticDuplicateObject took: (0.003387s)
[2019.10.05-08.04.18:793][191]LogAIModule: Creating AISystem for world Map01
[2019.10.05-08.04.18:793][191]LogPlayLevel: PIE: World Init took: (0.001901s)
[2019.10.05-08.04.18:793][191]LogPlayLevel: PIE: Created PIE world by copying editor world from /Game/2DSideScrollerBP/Maps/Map01.Map01 to /Game/2DSideScrollerBP/Maps/UEDPIE_0_Map01.Map01 (0.005560s)
[2019.10.05-08.04.18:793][191]LogLoad: Game class is '2DSideScrollerGameMode_C'
[2019.10.05-08.04.18:796][191]LogWorld: Bringing World /Game/2DSideScrollerBP/Maps/UEDPIE_0_Map01.Map01 up for play (max tick rate 0) at 2019.10.05-11.04.18
[2019.10.05-08.04.18:797][191]LogWorld: Bringing up level for play took: 0.002213
[2019.10.05-08.04.18:800][191]LogLoad: Took 0.134642 seconds to LoadMap(/Game/2DSideScrollerBP/Maps/UEDPIE_0_Map01)
[2019.10.05-08.05.01:210][860]LogBlueprintUserMessages: [2DSideScrollerCharacter_C_0] YOU DIED
[2019.10.05-08.05.03:230][934]LogNet: Browse: /Game/2DSideScrollerBP/Maps/Map01
[2019.10.05-08.05.03:230][934]LogLoad: LoadMap: /Game/2DSideScrollerBP/Maps/Map01
[2019.10.05-08.05.03:230][934]LogWorld: BeginTearingDown for /Game/2DSideScrollerBP/Maps/UEDPIE_0_Map01
[2019.10.05-08.05.03:231][934]LogWorld: UWorld::CleanupWorld for Map01, bSessionEnded=true, bCleanupResources=true
[2019.10.05-08.05.03:377][934]LogUObjectHash: Compacting FUObjectHashTables data took   9.67ms
[2019.10.05-08.05.03:378][934]LogPlayLevel: Creating play world package: /Game/2DSideScrollerBP/Maps/UEDPIE_0_Map01
[2019.10.05-08.05.03:383][934]LogPlayLevel: PIE: StaticDuplicateObject took: (0.004557s)
[2019.10.05-08.05.03:385][934]LogAIModule: Creating AISystem for world Map01
[2019.10.05-08.05.03:385][934]LogPlayLevel: PIE: World Init took: (0.002708s)
[2019.10.05-08.05.03:386][934]LogPlayLevel: PIE: Created PIE world by copying editor world from /Game/2DSideScrollerBP/Maps/Map01.Map01 to /Game/2DSideScrollerBP/Maps/UEDPIE_0_Map01.Map01 (0.008048s)
[2019.10.05-08.05.03:386][934]LogLoad: Game class is '2DSideScrollerGameMode_C'
[2019.10.05-08.05.03:390][934]LogWorld: Bringing World /Game/2DSideScrollerBP/Maps/UEDPIE_0_Map01.Map01 up for play (max tick rate 60) at 2019.10.05-11.05.03
[2019.10.05-08.05.03:391][934]LogWorld: Bringing up level for play took: 0.002738
[2019.10.05-08.05.03:394][934]LogLoad: Took 0.163599 seconds to LoadMap(/Game/2DSideScrollerBP/Maps/UEDPIE_0_Map01)
[2019.10.05-08.06.06:252][254]LogBlueprintUserMessages: Early EndPlayMap Detection: Level '/Game/2DSideScrollerBP/Maps/Map01.Map01:PersistentLevel' has LevelScriptBlueprint '/Game/2DSideScrollerBP/Maps/Map01.Map01:PersistentLevel.Map01' with GeneratedClass '/Game/2DSideScrollerBP/Maps/Map01.Map01_C' with ClassGeneratedBy '/Game/2DSideScrollerBP/Maps/Map01.Map01:PersistentLevel.Map01'
[2019.10.05-08.06.06:253][254]LogSlate: Updating window title bar state: overlay mode, drag disabled, window buttons hidden, title bar hidden
[2019.10.05-08.06.06:253][254]LogWorld: BeginTearingDown for /Game/2DSideScrollerBP/Maps/UEDPIE_0_Map01
[2019.10.05-08.06.06:253][254]LogWorld: UWorld::CleanupWorld for Map01, bSessionEnded=true, bCleanupResources=true
[2019.10.05-08.06.06:326][254]LogPlayLevel: Display: Shutting down PIE online subsystems
[2019.10.05-08.06.06:327][254]LogBlueprintUserMessages: Late EndPlayMap Detection: Level '/Game/2DSideScrollerBP/Maps/Map01.Map01:PersistentLevel' has LevelScriptBlueprint '/Game/2DSideScrollerBP/Maps/Map01.Map01:PersistentLevel.Map01' with GeneratedClass '/Game/2DSideScrollerBP/Maps/Map01.Map01_C' with ClassGeneratedBy '/Game/2DSideScrollerBP/Maps/Map01.Map01:PersistentLevel.Map01'
[2019.10.05-08.06.06:471][254]LogSlate: Updating window title bar state: overlay mode, drag disabled, window buttons hidden, title bar hidden
[2019.10.05-08.06.06:485][254]LogUObjectHash: Compacting FUObjectHashTables data took   9.86ms
[2019.10.05-08.06.06:523][255]LogPlayLevel: Display: Destroying online subsystem :Context_4
